<?xml version="1.0" encoding="UTF-8"?>
<coverage generated="1769285069692" clover="3.2.0">
  <project timestamp="1769285069692" name="All files">
    <metrics statements="742" coveredstatements="402" conditionals="773" coveredconditionals="283" methods="317" coveredmethods="123" elements="1832" coveredelements="808" complexity="0" loc="742" ncloc="742" packages="17" files="56" classes="56"/>
    <package name="src">
      <metrics statements="1" coveredstatements="1" conditionals="0" coveredconditionals="0" methods="1" coveredmethods="1"/>
      <file name="App.jsx" path="/Users/macbookair15/Desktop/Gastromap_antigravity_V2/v2_skeleton/src/App.jsx">
        <metrics statements="1" coveredstatements="1" conditionals="0" coveredconditionals="0" methods="1" coveredmethods="1"/>
        <line num="41" count="4" type="stmt"/>
      </file>
    </package>
    <package name="src.components.layout">
      <metrics statements="35" coveredstatements="32" conditionals="58" coveredconditionals="41" methods="10" coveredmethods="7"/>
      <file name="BottomNav.jsx" path="/Users/macbookair15/Desktop/Gastromap_antigravity_V2/v2_skeleton/src/components/layout/BottomNav.jsx">
        <metrics statements="9" coveredstatements="9" conditionals="36" coveredconditionals="27" methods="2" coveredmethods="2"/>
        <line num="9" count="3" type="stmt"/>
        <line num="10" count="3" type="stmt"/>
        <line num="11" count="3" type="stmt"/>
        <line num="12" count="3" type="stmt"/>
        <line num="15" count="3" type="stmt"/>
        <line num="23" count="3" type="stmt"/>
        <line num="43" count="15" type="stmt"/>
        <line num="44" count="15" type="cond" truecount="3" falsecount="0"/>
        <line num="46" count="15" type="stmt"/>
      </file>
      <file name="MainLayout.jsx" path="/Users/macbookair15/Desktop/Gastromap_antigravity_V2/v2_skeleton/src/components/layout/MainLayout.jsx">
        <metrics statements="9" coveredstatements="7" conditionals="6" coveredconditionals="5" methods="3" coveredmethods="1"/>
        <line num="13" count="3" type="stmt"/>
        <line num="14" count="3" type="stmt"/>
        <line num="15" count="3" type="stmt"/>
        <line num="16" count="3" type="stmt"/>
        <line num="17" count="3" type="stmt"/>
        <line num="18" count="3" type="cond" truecount="2" falsecount="0"/>
        <line num="20" count="3" type="stmt"/>
        <line num="37" count="0" type="stmt"/>
        <line num="43" count="0" type="stmt"/>
      </file>
      <file name="PublicLayout.jsx" path="/Users/macbookair15/Desktop/Gastromap_antigravity_V2/v2_skeleton/src/components/layout/PublicLayout.jsx">
        <metrics statements="2" coveredstatements="2" conditionals="0" coveredconditionals="0" methods="1" coveredmethods="1"/>
        <line num="6" count="3" type="stmt"/>
        <line num="7" count="2" type="stmt"/>
      </file>
      <file name="UniversalHeader.jsx" path="/Users/macbookair15/Desktop/Gastromap_antigravity_V2/v2_skeleton/src/components/layout/UniversalHeader.jsx">
        <metrics statements="15" coveredstatements="14" conditionals="16" coveredconditionals="9" methods="4" coveredmethods="3"/>
        <line num="9" count="3" type="stmt"/>
        <line num="10" count="3" type="stmt"/>
        <line num="11" count="3" type="cond" truecount="2" falsecount="0"/>
        <line num="12" count="3" type="stmt"/>
        <line num="13" count="3" type="stmt"/>
        <line num="15" count="3" type="stmt"/>
        <line num="17" count="3" type="stmt"/>
        <line num="18" count="2" type="stmt"/>
        <line num="19" count="0" type="stmt"/>
        <line num="21" count="2" type="stmt"/>
        <line num="22" count="2" type="stmt"/>
        <line num="25" count="3" type="cond" truecount="1" falsecount="1"/>
        <line num="29" count="3" type="cond" truecount="1" falsecount="1"/>
        <line num="31" count="3" type="cond" truecount="1" falsecount="1"/>
        <line num="37" count="3" type="stmt"/>
      </file>
    </package>
    <package name="src.components.layout.public">
      <metrics statements="9" coveredstatements="8" conditionals="4" coveredconditionals="0" methods="6" coveredmethods="5"/>
      <file name="PageHeader.jsx" path="/Users/macbookair15/Desktop/Gastromap_antigravity_V2/v2_skeleton/src/components/layout/public/PageHeader.jsx">
        <metrics statements="2" coveredstatements="1" conditionals="4" coveredconditionals="0" methods="1" coveredmethods="0"/>
        <line num="4" count="3" type="stmt"/>
        <line num="5" count="0" type="stmt"/>
      </file>
      <file name="PublicFooter.jsx" path="/Users/macbookair15/Desktop/Gastromap_antigravity_V2/v2_skeleton/src/components/layout/public/PublicFooter.jsx">
        <metrics statements="5" coveredstatements="5" conditionals="0" coveredconditionals="0" methods="4" coveredmethods="4"/>
        <line num="6" count="3" type="stmt"/>
        <line num="7" count="2" type="stmt"/>
        <line num="52" count="6" type="stmt"/>
        <line num="97" count="8" type="stmt"/>
        <line num="101" count="32" type="stmt"/>
      </file>
      <file name="PublicNavbar.jsx" path="/Users/macbookair15/Desktop/Gastromap_antigravity_V2/v2_skeleton/src/components/layout/public/PublicNavbar.jsx">
        <metrics statements="2" coveredstatements="2" conditionals="0" coveredconditionals="0" methods="1" coveredmethods="1"/>
        <line num="5" count="3" type="stmt"/>
        <line num="6" count="2" type="stmt"/>
      </file>
    </package>
    <package name="src.components.ui">
      <metrics statements="34" coveredstatements="30" conditionals="21" coveredconditionals="7" methods="11" coveredmethods="8"/>
      <file name="PageTransition.jsx" path="/Users/macbookair15/Desktop/Gastromap_antigravity_V2/v2_skeleton/src/components/ui/PageTransition.jsx">
        <metrics statements="4" coveredstatements="4" conditionals="0" coveredconditionals="0" methods="1" coveredmethods="1"/>
        <line num="4" count="3" type="stmt"/>
        <line num="25" count="3" type="stmt"/>
        <line num="32" count="3" type="stmt"/>
        <line num="33" count="3" type="stmt"/>
      </file>
      <file name="aurora-background.jsx" path="/Users/macbookair15/Desktop/Gastromap_antigravity_V2/v2_skeleton/src/components/ui/aurora-background.jsx">
        <metrics statements="7" coveredstatements="7" conditionals="9" coveredconditionals="5" methods="1" coveredmethods="1"/>
        <line num="12" count="3" type="cond" truecount="1" falsecount="0"/>
        <line num="14" count="3" type="stmt"/>
        <line num="17" count="3" type="cond" truecount="1" falsecount="1"/>
        <line num="20" count="3" type="cond" truecount="1" falsecount="1"/>
        <line num="21" count="3" type="cond" truecount="1" falsecount="1"/>
        <line num="22" count="3" type="cond" truecount="1" falsecount="1"/>
        <line num="24" count="3" type="stmt"/>
      </file>
      <file name="badge.jsx" path="/Users/macbookair15/Desktop/Gastromap_antigravity_V2/v2_skeleton/src/components/ui/badge.jsx">
        <metrics statements="2" coveredstatements="2" conditionals="0" coveredconditionals="0" methods="1" coveredmethods="1"/>
        <line num="5" count="6" type="stmt"/>
        <line num="26" count="22" type="stmt"/>
      </file>
      <file name="button.jsx" path="/Users/macbookair15/Desktop/Gastromap_antigravity_V2/v2_skeleton/src/components/ui/button.jsx">
        <metrics statements="5" coveredstatements="5" conditionals="3" coveredconditionals="2" methods="1" coveredmethods="1"/>
        <line num="6" count="4" type="stmt"/>
        <line num="32" count="4" type="cond" truecount="1" falsecount="0"/>
        <line num="33" count="15" type="cond" truecount="1" falsecount="1"/>
        <line num="34" count="15" type="stmt"/>
        <line num="42" count="4" type="stmt"/>
      </file>
      <file name="glass-card.jsx" path="/Users/macbookair15/Desktop/Gastromap_antigravity_V2/v2_skeleton/src/components/ui/glass-card.jsx">
        <metrics statements="4" coveredstatements="2" conditionals="9" coveredconditionals="0" methods="1" coveredmethods="0"/>
        <line num="5" count="3" type="cond" truecount="0" falsecount="1"/>
        <line num="6" count="0" type="cond" truecount="0" falsecount="2"/>
        <line num="8" count="0" type="stmt"/>
        <line num="27" count="3" type="stmt"/>
      </file>
      <file name="input.jsx" path="/Users/macbookair15/Desktop/Gastromap_antigravity_V2/v2_skeleton/src/components/ui/input.jsx">
        <metrics statements="3" coveredstatements="2" conditionals="0" coveredconditionals="0" methods="1" coveredmethods="0"/>
        <line num="4" count="3" type="stmt"/>
        <line num="5" count="0" type="stmt"/>
        <line num="17" count="3" type="stmt"/>
      </file>
      <file name="smooth-scroll.jsx" path="/Users/macbookair15/Desktop/Gastromap_antigravity_V2/v2_skeleton/src/components/ui/smooth-scroll.jsx">
        <metrics statements="9" coveredstatements="8" conditionals="0" coveredconditionals="0" methods="5" coveredmethods="4"/>
        <line num="5" count="4" type="stmt"/>
        <line num="6" count="4" type="stmt"/>
        <line num="8" count="0" type="stmt"/>
        <line num="18" count="233" type="stmt"/>
        <line num="19" count="233" type="stmt"/>
        <line num="22" count="4" type="stmt"/>
        <line num="24" count="4" type="stmt"/>
        <line num="25" count="4" type="stmt"/>
        <line num="29" count="4" type="stmt"/>
      </file>
    </package>
    <package name="src.features.admin.layout">
      <metrics statements="21" coveredstatements="16" conditionals="37" coveredconditionals="27" methods="10" coveredmethods="6"/>
      <file name="AdminLayout.jsx" path="/Users/macbookair15/Desktop/Gastromap_antigravity_V2/v2_skeleton/src/features/admin/layout/AdminLayout.jsx">
        <metrics statements="21" coveredstatements="16" conditionals="37" coveredconditionals="27" methods="10" coveredmethods="6"/>
        <line num="17" count="6" type="stmt"/>
        <line num="18" count="6" type="stmt"/>
        <line num="19" count="8" type="stmt"/>
        <line num="20" count="6" type="stmt"/>
        <line num="22" count="6" type="stmt"/>
        <line num="23" count="6" type="stmt"/>
        <line num="25" count="6" type="stmt"/>
        <line num="26" count="4" type="stmt"/>
        <line num="29" count="6" type="stmt"/>
        <line num="38" count="6" type="stmt"/>
        <line num="39" count="0" type="stmt"/>
        <line num="40" count="0" type="stmt"/>
        <line num="43" count="6" type="cond" truecount="1" falsecount="0"/>
        <line num="44" count="6" type="stmt"/>
        <line num="70" count="36" type="cond" truecount="3" falsecount="0"/>
        <line num="71" count="36" type="stmt"/>
        <line num="122" count="6" type="stmt"/>
        <line num="132" count="0" type="stmt"/>
        <line num="143" count="0" type="stmt"/>
        <line num="147" count="0" type="stmt"/>
        <line num="158" count="1" type="stmt"/>
      </file>
    </package>
    <package name="src.features.admin.pages">
      <metrics statements="61" coveredstatements="53" conditionals="76" coveredconditionals="63" methods="38" coveredmethods="27"/>
      <file name="AdminAIPage.jsx" path="/Users/macbookair15/Desktop/Gastromap_antigravity_V2/v2_skeleton/src/features/admin/pages/AdminAIPage.jsx">
        <metrics statements="8" coveredstatements="6" conditionals="12" coveredconditionals="6" methods="4" coveredmethods="2"/>
        <line num="9" count="4" type="stmt"/>
        <line num="10" count="8" type="stmt"/>
        <line num="49" count="4" type="stmt"/>
        <line num="50" count="4" type="stmt"/>
        <line num="51" count="4" type="stmt"/>
        <line num="53" count="4" type="stmt"/>
        <line num="108" count="0" type="stmt"/>
        <line num="126" count="0" type="stmt"/>
      </file>
      <file name="AdminDashboardPage.jsx" path="/Users/macbookair15/Desktop/Gastromap_antigravity_V2/v2_skeleton/src/features/admin/pages/AdminDashboardPage.jsx">
        <metrics statements="8" coveredstatements="8" conditionals="6" coveredconditionals="6" methods="4" coveredmethods="4"/>
        <line num="10" count="4" type="stmt"/>
        <line num="11" count="20" type="stmt"/>
        <line num="46" count="4" type="stmt"/>
        <line num="47" count="5" type="stmt"/>
        <line num="54" count="5" type="stmt"/>
        <line num="61" count="5" type="stmt"/>
        <line num="86" count="20" type="stmt"/>
        <line num="110" count="20" type="stmt"/>
      </file>
      <file name="AdminLocationsPage.jsx" path="/Users/macbookair15/Desktop/Gastromap_antigravity_V2/v2_skeleton/src/features/admin/pages/AdminLocationsPage.jsx">
        <metrics statements="20" coveredstatements="17" conditionals="29" coveredconditionals="25" methods="16" coveredmethods="10"/>
        <line num="12" count="4" type="stmt"/>
        <line num="13" count="7" type="stmt"/>
        <line num="14" count="7" type="stmt"/>
        <line num="15" count="7" type="stmt"/>
        <line num="16" count="7" type="stmt"/>
        <line num="18" count="7" type="stmt"/>
        <line num="25" count="7" type="stmt"/>
        <line num="31" count="7" type="cond" truecount="0" falsecount="2"/>
        <line num="33" count="7" type="stmt"/>
        <line num="34" count="6" type="stmt"/>
        <line num="47" count="24" type="stmt"/>
        <line num="95" count="7" type="stmt"/>
        <line num="112" count="21" type="stmt"/>
        <line num="133" count="21" type="stmt"/>
        <line num="155" count="4" type="stmt"/>
        <line num="156" count="1" type="stmt"/>
        <line num="165" count="0" type="stmt"/>
        <line num="181" count="0" type="stmt"/>
        <line num="189" count="1" type="stmt"/>
        <line num="228" count="0" type="stmt"/>
      </file>
      <file name="AdminStatsPage.jsx" path="/Users/macbookair15/Desktop/Gastromap_antigravity_V2/v2_skeleton/src/features/admin/pages/AdminStatsPage.jsx">
        <metrics statements="7" coveredstatements="7" conditionals="10" coveredconditionals="7" methods="4" coveredmethods="4"/>
        <line num="10" count="4" type="stmt"/>
        <line num="11" count="4" type="stmt"/>
        <line num="18" count="4" type="stmt"/>
        <line num="25" count="4" type="stmt"/>
        <line num="48" count="16" type="stmt"/>
        <line num="96" count="16" type="stmt"/>
        <line num="171" count="8" type="stmt"/>
      </file>
      <file name="AdminSubscriptionsPage.jsx" path="/Users/macbookair15/Desktop/Gastromap_antigravity_V2/v2_skeleton/src/features/admin/pages/AdminSubscriptionsPage.jsx">
        <metrics statements="6" coveredstatements="6" conditionals="8" coveredconditionals="8" methods="3" coveredmethods="3"/>
        <line num="11" count="4" type="stmt"/>
        <line num="12" count="2" type="stmt"/>
        <line num="18" count="2" type="stmt"/>
        <line num="24" count="2" type="stmt"/>
        <line num="40" count="6" type="stmt"/>
        <line num="96" count="6" type="stmt"/>
      </file>
      <file name="AdminUsersPage.jsx" path="/Users/macbookair15/Desktop/Gastromap_antigravity_V2/v2_skeleton/src/features/admin/pages/AdminUsersPage.jsx">
        <metrics statements="12" coveredstatements="9" conditionals="11" coveredconditionals="11" methods="7" coveredmethods="4"/>
        <line num="11" count="4" type="stmt"/>
        <line num="12" count="4" type="stmt"/>
        <line num="13" count="4" type="stmt"/>
        <line num="14" count="4" type="stmt"/>
        <line num="16" count="4" type="stmt"/>
        <line num="23" count="4" type="stmt"/>
        <line num="29" count="4" type="stmt"/>
        <line num="46" count="12" type="stmt"/>
        <line num="83" count="16" type="stmt"/>
        <line num="138" count="0" type="stmt"/>
        <line num="146" count="0" type="stmt"/>
        <line num="188" count="0" type="stmt"/>
      </file>
    </package>
    <package name="src.features.auth.hooks">
      <metrics statements="10" coveredstatements="2" conditionals="4" coveredconditionals="0" methods="5" coveredmethods="2"/>
      <file name="useAuthStore.js" path="/Users/macbookair15/Desktop/Gastromap_antigravity_V2/v2_skeleton/src/features/auth/hooks/useAuthStore.js">
        <metrics statements="10" coveredstatements="2" conditionals="4" coveredconditionals="0" methods="5" coveredmethods="2"/>
        <line num="3" count="3" type="stmt"/>
        <line num="9" count="0" type="cond" truecount="0" falsecount="2"/>
        <line num="10" count="0" type="stmt"/>
        <line num="14" count="0" type="stmt"/>
        <line num="15" count="0" type="cond" truecount="0" falsecount="2"/>
        <line num="16" count="0" type="stmt"/>
        <line num="20" count="0" type="stmt"/>
        <line num="22" count="0" type="stmt"/>
        <line num="26" count="2" type="stmt"/>
        <line num="30" count="0" type="stmt"/>
      </file>
    </package>
    <package name="src.features.auth.pages">
      <metrics statements="18" coveredstatements="17" conditionals="8" coveredconditionals="6" methods="4" coveredmethods="3"/>
      <file name="LoginPage.jsx" path="/Users/macbookair15/Desktop/Gastromap_antigravity_V2/v2_skeleton/src/features/auth/pages/LoginPage.jsx">
        <metrics statements="18" coveredstatements="17" conditionals="8" coveredconditionals="6" methods="4" coveredmethods="3"/>
        <line num="7" count="3" type="stmt"/>
        <line num="8" count="4" type="stmt"/>
        <line num="9" count="4" type="stmt"/>
        <line num="10" count="4" type="stmt"/>
        <line num="13" count="4" type="stmt"/>
        <line num="21" count="4" type="stmt"/>
        <line num="26" count="4" type="stmt"/>
        <line num="27" count="2" type="stmt"/>
        <line num="28" count="2" type="stmt"/>
        <line num="29" count="2" type="stmt"/>
        <line num="30" count="2" type="stmt"/>
        <line num="32" count="2" type="stmt"/>
        <line num="33" count="2" type="stmt"/>
        <line num="34" count="2" type="cond" truecount="2" falsecount="0"/>
        <line num="35" count="1" type="stmt"/>
        <line num="37" count="1" type="stmt"/>
        <line num="42" count="4" type="stmt"/>
        <line num="148" count="0" type="stmt"/>
      </file>
    </package>
    <package name="src.features.dashboard.components">
      <metrics statements="44" coveredstatements="32" conditionals="63" coveredconditionals="17" methods="17" coveredmethods="8"/>
      <file name="FilterModal.jsx" path="/Users/macbookair15/Desktop/Gastromap_antigravity_V2/v2_skeleton/src/features/dashboard/components/FilterModal.jsx">
        <metrics statements="6" coveredstatements="5" conditionals="34" coveredconditionals="2" methods="2" coveredmethods="1"/>
        <line num="6" count="3" type="stmt"/>
        <line num="7" count="2" type="stmt"/>
        <line num="10" count="2" type="stmt"/>
        <line num="35" count="2" type="cond" truecount="1" falsecount="1"/>
        <line num="37" count="2" type="stmt"/>
        <line num="130" count="0" type="cond" truecount="0" falsecount="2"/>
      </file>
      <file name="MapTab.jsx" path="/Users/macbookair15/Desktop/Gastromap_antigravity_V2/v2_skeleton/src/features/dashboard/components/MapTab.jsx">
        <metrics statements="38" coveredstatements="27" conditionals="29" coveredconditionals="15" methods="15" coveredmethods="7"/>
        <line num="15" count="3" type="stmt"/>
        <line num="21" count="3" type="stmt"/>
        <line num="24" count="3" type="stmt"/>
        <line num="25" count="1" type="stmt"/>
        <line num="26" count="1" type="stmt"/>
        <line num="27" count="1" type="stmt"/>
        <line num="28" count="0" type="stmt"/>
        <line num="31" count="1" type="stmt"/>
        <line num="36" count="3" type="stmt"/>
        <line num="37" count="1" type="stmt"/>
        <line num="38" count="1" type="stmt"/>
        <line num="39" count="1" type="cond" truecount="2" falsecount="2"/>
        <line num="40" count="0" type="stmt"/>
        <line num="43" count="1" type="stmt"/>
        <line num="46" count="3" type="cond" truecount="1" falsecount="0"/>
        <line num="47" count="1" type="stmt"/>
        <line num="48" count="1" type="stmt"/>
        <line num="49" count="1" type="stmt"/>
        <line num="50" count="1" type="stmt"/>
        <line num="53" count="1" type="stmt"/>
        <line num="54" count="1" type="cond" truecount="1" falsecount="1"/>
        <line num="55" count="0" type="stmt"/>
        <line num="57" count="0" type="stmt"/>
        <line num="59" count="0" type="stmt"/>
        <line num="65" count="1" type="stmt"/>
        <line num="66" count="0" type="cond" truecount="0" falsecount="2"/>
        <line num="67" count="0" type="stmt"/>
        <line num="70" count="0" type="stmt"/>
        <line num="72" count="0" type="stmt"/>
        <line num="73" count="0" type="stmt"/>
        <line num="80" count="1" type="stmt"/>
        <line num="83" count="1" type="stmt"/>
        <line num="84" count="1" type="stmt"/>
        <line num="87" count="1" type="cond" truecount="1" falsecount="1"/>
        <line num="89" count="0" type="stmt"/>
        <line num="92" count="1" type="stmt"/>
        <line num="102" count="1" type="stmt"/>
        <line num="149" count="4" type="stmt"/>
      </file>
    </package>
    <package name="src.features.dashboard.pages">
      <metrics statements="240" coveredstatements="63" conditionals="257" coveredconditionals="32" methods="90" coveredmethods="13"/>
      <file name="AIGuidePage.jsx" path="/Users/macbookair15/Desktop/Gastromap_antigravity_V2/v2_skeleton/src/features/dashboard/pages/AIGuidePage.jsx">
        <metrics statements="2" coveredstatements="1" conditionals="0" coveredconditionals="0" methods="1" coveredmethods="0"/>
        <line num="4" count="3" type="stmt"/>
        <line num="5" count="0" type="stmt"/>
      </file>
      <file name="CitiesPage.jsx" path="/Users/macbookair15/Desktop/Gastromap_antigravity_V2/v2_skeleton/src/features/dashboard/pages/CitiesPage.jsx">
        <metrics statements="30" coveredstatements="2" conditionals="36" coveredconditionals="0" methods="12" coveredmethods="0"/>
        <line num="9" count="3" type="stmt"/>
        <line num="21" count="3" type="stmt"/>
        <line num="22" count="0" type="stmt"/>
        <line num="23" count="0" type="stmt"/>
        <line num="24" count="0" type="stmt"/>
        <line num="25" count="0" type="stmt"/>
        <line num="26" count="0" type="cond" truecount="0" falsecount="2"/>
        <line num="27" count="0" type="stmt"/>
        <line num="29" count="0" type="stmt"/>
        <line num="30" count="0" type="stmt"/>
        <line num="31" count="0" type="stmt"/>
        <line num="32" count="0" type="cond" truecount="0" falsecount="2"/>
        <line num="34" count="0" type="cond" truecount="0" falsecount="2"/>
        <line num="38" count="0" type="cond" truecount="0" falsecount="2"/>
        <line num="39" count="0" type="cond" truecount="0" falsecount="2"/>
        <line num="41" count="0" type="stmt"/>
        <line num="46" count="0" type="stmt"/>
        <line num="47" count="0" type="stmt"/>
        <line num="48" count="0" type="stmt"/>
        <line num="51" count="0" type="stmt"/>
        <line num="58" count="0" type="cond" truecount="0" falsecount="4"/>
        <line num="59" count="0" type="stmt"/>
        <line num="82" count="0" type="stmt"/>
        <line num="118" count="0" type="stmt"/>
        <line num="121" count="0" type="stmt"/>
        <line num="142" count="0" type="stmt"/>
        <line num="181" count="0" type="stmt"/>
        <line num="183" count="0" type="stmt"/>
        <line num="260" count="0" type="stmt"/>
        <line num="263" count="0" type="stmt"/>
      </file>
      <file name="CookiePolicyPage.jsx" path="/Users/macbookair15/Desktop/Gastromap_antigravity_V2/v2_skeleton/src/features/dashboard/pages/CookiePolicyPage.jsx">
        <metrics statements="11" coveredstatements="1" conditionals="8" coveredconditionals="0" methods="3" coveredmethods="0"/>
        <line num="6" count="3" type="stmt"/>
        <line num="7" count="0" type="stmt"/>
        <line num="8" count="0" type="stmt"/>
        <line num="9" count="0" type="stmt"/>
        <line num="11" count="0" type="cond" truecount="0" falsecount="2"/>
        <line num="12" count="0" type="cond" truecount="0" falsecount="2"/>
        <line num="13" count="0" type="cond" truecount="0" falsecount="2"/>
        <line num="15" count="0" type="stmt"/>
        <line num="33" count="0" type="stmt"/>
        <line num="38" count="0" type="stmt"/>
        <line num="59" count="0" type="stmt"/>
      </file>
      <file name="DashboardPage.jsx" path="/Users/macbookair15/Desktop/Gastromap_antigravity_V2/v2_skeleton/src/features/dashboard/pages/DashboardPage.jsx">
        <metrics statements="57" coveredstatements="43" conditionals="53" coveredconditionals="30" methods="28" coveredmethods="12"/>
        <line num="14" count="3" type="stmt"/>
        <line num="15" count="0" type="cond" truecount="0" falsecount="2"/>
        <line num="16" count="0" type="stmt"/>
        <line num="35" count="3" type="cond" truecount="1" falsecount="0"/>
        <line num="36" count="7" type="stmt"/>
        <line num="37" count="7" type="stmt"/>
        <line num="39" count="7" type="cond" truecount="1" falsecount="1"/>
        <line num="41" count="7" type="stmt"/>
        <line num="75" count="21" type="stmt"/>
        <line num="83" count="0" type="stmt"/>
        <line num="94" count="3" type="stmt"/>
        <line num="95" count="1" type="stmt"/>
        <line num="96" count="1" type="cond" truecount="2" falsecount="0"/>
        <line num="97" count="1" type="stmt"/>
        <line num="98" count="1" type="stmt"/>
        <line num="99" count="1" type="stmt"/>
        <line num="100" count="1" type="stmt"/>
        <line num="101" count="1" type="stmt"/>
        <line num="102" count="1" type="stmt"/>
        <line num="104" count="1" type="stmt"/>
        <line num="110" count="1" type="stmt"/>
        <line num="116" count="1" type="cond" truecount="1" falsecount="1"/>
        <line num="118" count="1" type="stmt"/>
        <line num="120" count="0" type="stmt"/>
        <line num="137" count="0" type="stmt"/>
        <line num="142" count="0" type="stmt"/>
        <line num="157" count="0" type="stmt"/>
        <line num="164" count="3" type="stmt"/>
        <line num="189" count="0" type="stmt"/>
        <line num="196" count="3" type="stmt"/>
        <line num="210" count="0" type="stmt"/>
        <line num="217" count="4" type="stmt"/>
        <line num="241" count="3" type="stmt"/>
        <line num="242" count="2" type="stmt"/>
        <line num="243" count="2" type="stmt"/>
        <line num="244" count="2" type="stmt"/>
        <line num="245" count="2" type="stmt"/>
        <line num="246" count="2" type="stmt"/>
        <line num="248" count="2" type="stmt"/>
        <line num="249" count="1" type="stmt"/>
        <line num="250" count="1" type="cond" truecount="2" falsecount="2"/>
        <line num="251" count="0" type="stmt"/>
        <line num="252" count="1" type="stmt"/>
        <line num="255" count="2" type="cond" truecount="1" falsecount="1"/>
        <line num="259" count="2" type="cond" truecount="1" falsecount="1"/>
        <line num="263" count="2" type="cond" truecount="1" falsecount="1"/>
        <line num="264" count="2" type="cond" truecount="1" falsecount="1"/>
        <line num="266" count="2" type="stmt"/>
        <line num="271" count="2" type="stmt"/>
        <line num="316" count="4" type="stmt"/>
        <line num="318" count="0" type="stmt"/>
        <line num="332" count="0" type="stmt"/>
        <line num="357" count="6" type="stmt"/>
        <line num="383" count="0" type="stmt"/>
        <line num="387" count="6" type="stmt"/>
        <line num="409" count="0" type="stmt"/>
        <line num="413" count="6" type="stmt"/>
      </file>
      <file name="DeleteDataPage.jsx" path="/Users/macbookair15/Desktop/Gastromap_antigravity_V2/v2_skeleton/src/features/dashboard/pages/DeleteDataPage.jsx">
        <metrics statements="15" coveredstatements="1" conditionals="20" coveredconditionals="0" methods="6" coveredmethods="0"/>
        <line num="7" count="3" type="stmt"/>
        <line num="8" count="0" type="stmt"/>
        <line num="9" count="0" type="stmt"/>
        <line num="10" count="0" type="stmt"/>
        <line num="11" count="0" type="stmt"/>
        <line num="13" count="0" type="cond" truecount="0" falsecount="2"/>
        <line num="14" count="0" type="cond" truecount="0" falsecount="2"/>
        <line num="15" count="0" type="cond" truecount="0" falsecount="2"/>
        <line num="17" count="0" type="stmt"/>
        <line num="18" count="0" type="stmt"/>
        <line num="20" count="0" type="stmt"/>
        <line num="21" count="0" type="stmt"/>
        <line num="24" count="0" type="stmt"/>
        <line num="29" count="0" type="stmt"/>
        <line num="75" count="0" type="cond" truecount="0" falsecount="2"/>
      </file>
      <file name="ExploreWrapper.jsx" path="/Users/macbookair15/Desktop/Gastromap_antigravity_V2/v2_skeleton/src/features/dashboard/pages/ExploreWrapper.jsx">
        <metrics statements="5" coveredstatements="4" conditionals="4" coveredconditionals="2" methods="1" coveredmethods="1"/>
        <line num="7" count="3" type="stmt"/>
        <line num="8" count="1" type="stmt"/>
        <line num="11" count="1" type="cond" truecount="2" falsecount="2"/>
        <line num="12" count="0" type="stmt"/>
        <line num="16" count="1" type="stmt"/>
      </file>
      <file name="HelpCenterPage.jsx" path="/Users/macbookair15/Desktop/Gastromap_antigravity_V2/v2_skeleton/src/features/dashboard/pages/HelpCenterPage.jsx">
        <metrics statements="16" coveredstatements="1" conditionals="12" coveredconditionals="0" methods="5" coveredmethods="0"/>
        <line num="7" count="3" type="stmt"/>
        <line num="8" count="0" type="stmt"/>
        <line num="9" count="0" type="stmt"/>
        <line num="10" count="0" type="stmt"/>
        <line num="11" count="0" type="stmt"/>
        <line num="13" count="0" type="cond" truecount="0" falsecount="2"/>
        <line num="14" count="0" type="cond" truecount="0" falsecount="2"/>
        <line num="15" count="0" type="cond" truecount="0" falsecount="2"/>
        <line num="16" count="0" type="cond" truecount="0" falsecount="2"/>
        <line num="18" count="0" type="stmt"/>
        <line num="24" count="0" type="stmt"/>
        <line num="30" count="0" type="stmt"/>
        <line num="35" count="0" type="stmt"/>
        <line num="50" count="0" type="stmt"/>
        <line num="59" count="0" type="stmt"/>
        <line num="73" count="0" type="stmt"/>
      </file>
      <file name="LanguageSettingsPage.jsx" path="/Users/macbookair15/Desktop/Gastromap_antigravity_V2/v2_skeleton/src/features/dashboard/pages/LanguageSettingsPage.jsx">
        <metrics statements="18" coveredstatements="1" conditionals="22" coveredconditionals="0" methods="6" coveredmethods="0"/>
        <line num="7" count="3" type="stmt"/>
        <line num="8" count="0" type="stmt"/>
        <line num="9" count="0" type="stmt"/>
        <line num="10" count="0" type="stmt"/>
        <line num="12" count="0" type="stmt"/>
        <line num="13" count="0" type="stmt"/>
        <line num="15" count="0" type="stmt"/>
        <line num="22" count="0" type="stmt"/>
        <line num="29" count="0" type="cond" truecount="0" falsecount="2"/>
        <line num="30" count="0" type="cond" truecount="0" falsecount="2"/>
        <line num="31" count="0" type="cond" truecount="0" falsecount="2"/>
        <line num="32" count="0" type="cond" truecount="0" falsecount="2"/>
        <line num="34" count="0" type="stmt"/>
        <line num="39" count="0" type="stmt"/>
        <line num="53" count="0" type="stmt"/>
        <line num="55" count="0" type="stmt"/>
        <line num="80" count="0" type="stmt"/>
        <line num="82" count="0" type="stmt"/>
      </file>
      <file name="MapPage.jsx" path="/Users/macbookair15/Desktop/Gastromap_antigravity_V2/v2_skeleton/src/features/dashboard/pages/MapPage.jsx">
        <metrics statements="2" coveredstatements="1" conditionals="0" coveredconditionals="0" methods="1" coveredmethods="0"/>
        <line num="4" count="3" type="stmt"/>
        <line num="5" count="0" type="stmt"/>
      </file>
      <file name="PrivacyPage.jsx" path="/Users/macbookair15/Desktop/Gastromap_antigravity_V2/v2_skeleton/src/features/dashboard/pages/PrivacyPage.jsx">
        <metrics statements="13" coveredstatements="1" conditionals="10" coveredconditionals="0" methods="4" coveredmethods="0"/>
        <line num="7" count="3" type="stmt"/>
        <line num="8" count="0" type="stmt"/>
        <line num="9" count="0" type="stmt"/>
        <line num="10" count="0" type="stmt"/>
        <line num="12" count="0" type="cond" truecount="0" falsecount="2"/>
        <line num="13" count="0" type="cond" truecount="0" falsecount="2"/>
        <line num="14" count="0" type="cond" truecount="0" falsecount="2"/>
        <line num="16" count="0" type="stmt"/>
        <line num="39" count="0" type="stmt"/>
        <line num="45" count="0" type="stmt"/>
        <line num="50" count="0" type="stmt"/>
        <line num="71" count="0" type="stmt"/>
        <line num="91" count="0" type="stmt"/>
      </file>
      <file name="ProfileEditPage.jsx" path="/Users/macbookair15/Desktop/Gastromap_antigravity_V2/v2_skeleton/src/features/dashboard/pages/ProfileEditPage.jsx">
        <metrics statements="18" coveredstatements="1" conditionals="12" coveredconditionals="0" methods="6" coveredmethods="0"/>
        <line num="8" count="3" type="stmt"/>
        <line num="9" count="0" type="stmt"/>
        <line num="10" count="0" type="cond" truecount="0" falsecount="2"/>
        <line num="11" count="0" type="stmt"/>
        <line num="12" count="0" type="stmt"/>
        <line num="13" count="0" type="stmt"/>
        <line num="15" count="0" type="stmt"/>
        <line num="22" count="0" type="cond" truecount="0" falsecount="2"/>
        <line num="23" count="0" type="cond" truecount="0" falsecount="2"/>
        <line num="24" count="0" type="cond" truecount="0" falsecount="2"/>
        <line num="25" count="0" type="cond" truecount="0" falsecount="2"/>
        <line num="27" count="0" type="stmt"/>
        <line num="29" count="0" type="stmt"/>
        <line num="32" count="0" type="stmt"/>
        <line num="37" count="0" type="stmt"/>
        <line num="67" count="0" type="stmt"/>
        <line num="81" count="0" type="stmt"/>
        <line num="92" count="0" type="stmt"/>
      </file>
      <file name="ProfilePage.jsx" path="/Users/macbookair15/Desktop/Gastromap_antigravity_V2/v2_skeleton/src/features/dashboard/pages/ProfilePage.jsx">
        <metrics statements="24" coveredstatements="2" conditionals="42" coveredconditionals="0" methods="8" coveredmethods="0"/>
        <line num="14" count="3" type="stmt"/>
        <line num="15" count="0" type="stmt"/>
        <line num="16" count="0" type="cond" truecount="0" falsecount="4"/>
        <line num="18" count="0" type="stmt"/>
        <line num="48" count="3" type="stmt"/>
        <line num="49" count="0" type="stmt"/>
        <line num="50" count="0" type="cond" truecount="0" falsecount="2"/>
        <line num="51" count="0" type="stmt"/>
        <line num="52" count="0" type="stmt"/>
        <line num="53" count="0" type="stmt"/>
        <line num="56" count="0" type="stmt"/>
        <line num="59" count="0" type="cond" truecount="0" falsecount="2"/>
        <line num="60" count="0" type="cond" truecount="0" falsecount="2"/>
        <line num="61" count="0" type="cond" truecount="0" falsecount="2"/>
        <line num="62" count="0" type="cond" truecount="0" falsecount="2"/>
        <line num="64" count="0" type="stmt"/>
        <line num="71" count="0" type="stmt"/>
        <line num="83" count="0" type="stmt"/>
        <line num="97" count="0" type="stmt"/>
        <line num="99" count="0" type="stmt"/>
        <line num="124" count="0" type="stmt"/>
        <line num="140" count="0" type="stmt"/>
        <line num="144" count="0" type="stmt"/>
        <line num="146" count="0" type="cond" truecount="0" falsecount="2"/>
      </file>
      <file name="SavedPage.jsx" path="/Users/macbookair15/Desktop/Gastromap_antigravity_V2/v2_skeleton/src/features/dashboard/pages/SavedPage.jsx">
        <metrics statements="2" coveredstatements="1" conditionals="0" coveredconditionals="0" methods="1" coveredmethods="0"/>
        <line num="4" count="3" type="stmt"/>
        <line num="5" count="0" type="stmt"/>
      </file>
      <file name="SecurityPrivacyPage.jsx" path="/Users/macbookair15/Desktop/Gastromap_antigravity_V2/v2_skeleton/src/features/dashboard/pages/SecurityPrivacyPage.jsx">
        <metrics statements="14" coveredstatements="1" conditionals="30" coveredconditionals="0" methods="4" coveredmethods="0"/>
        <line num="7" count="3" type="stmt"/>
        <line num="8" count="0" type="stmt"/>
        <line num="9" count="0" type="stmt"/>
        <line num="10" count="0" type="stmt"/>
        <line num="12" count="0" type="cond" truecount="0" falsecount="2"/>
        <line num="13" count="0" type="cond" truecount="0" falsecount="2"/>
        <line num="14" count="0" type="cond" truecount="0" falsecount="2"/>
        <line num="15" count="0" type="cond" truecount="0" falsecount="2"/>
        <line num="17" count="0" type="stmt"/>
        <line num="23" count="0" type="stmt"/>
        <line num="28" count="0" type="stmt"/>
        <line num="33" count="0" type="stmt"/>
        <line num="47" count="0" type="stmt"/>
        <line num="77" count="0" type="stmt"/>
      </file>
      <file name="TermsPage.jsx" path="/Users/macbookair15/Desktop/Gastromap_antigravity_V2/v2_skeleton/src/features/dashboard/pages/TermsPage.jsx">
        <metrics statements="11" coveredstatements="1" conditionals="8" coveredconditionals="0" methods="3" coveredmethods="0"/>
        <line num="7" count="3" type="stmt"/>
        <line num="8" count="0" type="stmt"/>
        <line num="9" count="0" type="stmt"/>
        <line num="10" count="0" type="stmt"/>
        <line num="12" count="0" type="cond" truecount="0" falsecount="2"/>
        <line num="13" count="0" type="cond" truecount="0" falsecount="2"/>
        <line num="14" count="0" type="cond" truecount="0" falsecount="2"/>
        <line num="16" count="0" type="stmt"/>
        <line num="39" count="0" type="stmt"/>
        <line num="44" count="0" type="stmt"/>
        <line num="67" count="0" type="stmt"/>
      </file>
      <file name="VisitedPage.jsx" path="/Users/macbookair15/Desktop/Gastromap_antigravity_V2/v2_skeleton/src/features/dashboard/pages/VisitedPage.jsx">
        <metrics statements="2" coveredstatements="1" conditionals="0" coveredconditionals="0" methods="1" coveredmethods="0"/>
        <line num="4" count="3" type="stmt"/>
        <line num="5" count="0" type="stmt"/>
      </file>
    </package>
    <package name="src.features.public.components">
      <metrics statements="37" coveredstatements="13" conditionals="31" coveredconditionals="5" methods="12" coveredmethods="3"/>
      <file name="GastroGuideChat.jsx" path="/Users/macbookair15/Desktop/Gastromap_antigravity_V2/v2_skeleton/src/features/public/components/GastroGuideChat.jsx">
        <metrics statements="37" coveredstatements="13" conditionals="31" coveredconditionals="5" methods="12" coveredmethods="3"/>
        <line num="10" count="3" type="stmt"/>
        <line num="11" count="3" type="stmt"/>
        <line num="14" count="3" type="stmt"/>
        <line num="15" count="3" type="stmt"/>
        <line num="17" count="3" type="stmt"/>
        <line num="18" count="0" type="stmt"/>
        <line num="19" count="0" type="stmt"/>
        <line num="20" count="0" type="stmt"/>
        <line num="22" count="0" type="stmt"/>
        <line num="23" count="0" type="stmt"/>
        <line num="24" count="0" type="stmt"/>
        <line num="26" count="0" type="stmt"/>
        <line num="27" count="0" type="cond" truecount="0" falsecount="3"/>
        <line num="32" count="0" type="cond" truecount="0" falsecount="2"/>
        <line num="33" count="0" type="stmt"/>
        <line num="39" count="0" type="cond" truecount="0" falsecount="4"/>
        <line num="40" count="0" type="stmt"/>
        <line num="42" count="0" type="stmt"/>
        <line num="45" count="0" type="stmt"/>
        <line num="46" count="0" type="stmt"/>
        <line num="50" count="3" type="stmt"/>
        <line num="54" count="3" type="stmt"/>
        <line num="55" count="3" type="stmt"/>
        <line num="56" count="3" type="stmt"/>
        <line num="58" count="3" type="stmt"/>
        <line num="59" count="2" type="cond" truecount="1" falsecount="1"/>
        <line num="60" count="0" type="stmt"/>
        <line num="64" count="3" type="stmt"/>
        <line num="65" count="0" type="stmt"/>
        <line num="66" count="0" type="cond" truecount="0" falsecount="2"/>
        <line num="67" count="0" type="stmt"/>
        <line num="68" count="0" type="stmt"/>
        <line num="71" count="3" type="cond" truecount="1" falsecount="1"/>
        <line num="73" count="0" type="stmt"/>
        <line num="106" count="0" type="cond" truecount="0" falsecount="2"/>
        <line num="120" count="0" type="stmt"/>
        <line num="157" count="0" type="stmt"/>
      </file>
    </package>
    <package name="src.features.public.hooks">
      <metrics statements="19" coveredstatements="1" conditionals="8" coveredconditionals="0" methods="14" coveredmethods="1"/>
      <file name="useLocationsStore.js" path="/Users/macbookair15/Desktop/Gastromap_antigravity_V2/v2_skeleton/src/features/public/hooks/useLocationsStore.js">
        <metrics statements="19" coveredstatements="1" conditionals="8" coveredconditionals="0" methods="14" coveredmethods="1"/>
        <line num="4" count="3" type="stmt"/>
        <line num="11" count="0" type="stmt"/>
        <line num="12" count="0" type="stmt"/>
        <line num="16" count="0" type="stmt"/>
        <line num="17" count="0" type="stmt"/>
        <line num="21" count="0" type="stmt"/>
        <line num="22" count="0" type="stmt"/>
        <line num="24" count="0" type="cond" truecount="0" falsecount="2"/>
        <line num="25" count="0" type="stmt"/>
        <line num="28" count="0" type="cond" truecount="0" falsecount="2"/>
        <line num="29" count="0" type="stmt"/>
        <line num="30" count="0" type="stmt"/>
        <line num="31" count="0" type="cond" truecount="0" falsecount="2"/>
        <line num="36" count="0" type="stmt"/>
        <line num="38" count="0" type="stmt"/>
        <line num="40" count="0" type="stmt"/>
        <line num="41" count="0" type="cond" truecount="0" falsecount="2"/>
        <line num="44" count="0" type="stmt"/>
        <line num="45" count="0" type="stmt"/>
      </file>
    </package>
    <package name="src.features.public.pages">
      <metrics statements="163" coveredstatements="97" conditionals="178" coveredconditionals="73" methods="84" coveredmethods="30"/>
      <file name="AboutPage.jsx" path="/Users/macbookair15/Desktop/Gastromap_antigravity_V2/v2_skeleton/src/features/public/pages/AboutPage.jsx">
        <metrics statements="2" coveredstatements="1" conditionals="0" coveredconditionals="0" methods="1" coveredmethods="0"/>
        <line num="5" count="3" type="stmt"/>
        <line num="6" count="0" type="stmt"/>
      </file>
      <file name="ContactPage.jsx" path="/Users/macbookair15/Desktop/Gastromap_antigravity_V2/v2_skeleton/src/features/public/pages/ContactPage.jsx">
        <metrics statements="9" coveredstatements="1" conditionals="4" coveredconditionals="0" methods="4" coveredmethods="0"/>
        <line num="7" count="3" type="stmt"/>
        <line num="8" count="0" type="stmt"/>
        <line num="10" count="0" type="stmt"/>
        <line num="11" count="0" type="stmt"/>
        <line num="12" count="0" type="stmt"/>
        <line num="13" count="0" type="stmt"/>
        <line num="14" count="0" type="stmt"/>
        <line num="18" count="0" type="stmt"/>
        <line num="35" count="0" type="stmt"/>
      </file>
      <file name="FeaturesPage.jsx" path="/Users/macbookair15/Desktop/Gastromap_antigravity_V2/v2_skeleton/src/features/public/pages/FeaturesPage.jsx">
        <metrics statements="4" coveredstatements="2" conditionals="0" coveredconditionals="0" methods="2" coveredmethods="0"/>
        <line num="6" count="3" type="stmt"/>
        <line num="18" count="3" type="stmt"/>
        <line num="19" count="0" type="stmt"/>
        <line num="31" count="0" type="stmt"/>
      </file>
      <file name="LandingPage.jsx" path="/Users/macbookair15/Desktop/Gastromap_antigravity_V2/v2_skeleton/src/features/public/pages/LandingPage.jsx">
        <metrics statements="40" coveredstatements="36" conditionals="20" coveredconditionals="11" methods="22" coveredmethods="16"/>
        <line num="8" count="3" type="stmt"/>
        <line num="13" count="3" type="stmt"/>
        <line num="24" count="3" type="stmt"/>
        <line num="26" count="2" type="stmt"/>
        <line num="28" count="2" type="stmt"/>
        <line num="30" count="2" type="stmt"/>
        <line num="37" count="2" type="stmt"/>
        <line num="39" count="2" type="stmt"/>
        <line num="40" count="0" type="stmt"/>
        <line num="44" count="2" type="stmt"/>
        <line num="45" count="0" type="cond" truecount="0" falsecount="2"/>
        <line num="48" count="2" type="stmt"/>
        <line num="49" count="2" type="stmt"/>
        <line num="50" count="2" type="stmt"/>
        <line num="54" count="2" type="stmt"/>
        <line num="136" count="8" type="stmt"/>
        <line num="297" count="8" type="stmt"/>
        <line num="336" count="22" type="stmt"/>
        <line num="351" count="3" type="stmt"/>
        <line num="352" count="2" type="stmt"/>
        <line num="364" count="2" type="stmt"/>
        <line num="386" count="18" type="stmt"/>
        <line num="401" count="3" type="stmt"/>
        <line num="402" count="2" type="stmt"/>
        <line num="427" count="8" type="stmt"/>
        <line num="442" count="8" type="stmt"/>
        <line num="446" count="3" type="stmt"/>
        <line num="447" count="2" type="stmt"/>
        <line num="511" count="3" type="stmt"/>
        <line num="512" count="2" type="stmt"/>
        <line num="514" count="2" type="stmt"/>
        <line num="515" count="0" type="cond" truecount="0" falsecount="2"/>
        <line num="518" count="2" type="stmt"/>
        <line num="535" count="2" type="stmt"/>
        <line num="543" count="4" type="stmt"/>
        <line num="548" count="12" type="stmt"/>
        <line num="549" count="12" type="stmt"/>
        <line num="550" count="12" type="stmt"/>
        <line num="553" count="0" type="stmt"/>
        <line num="589" count="2" type="stmt"/>
      </file>
      <file name="LocationDetailsPage.jsx" path="/Users/macbookair15/Desktop/Gastromap_antigravity_V2/v2_skeleton/src/features/public/pages/LocationDetailsPage.jsx">
        <metrics statements="68" coveredstatements="32" conditionals="92" coveredconditionals="31" methods="35" coveredmethods="7"/>
        <line num="16" count="3" type="stmt"/>
        <line num="17" count="1" type="stmt"/>
        <line num="18" count="1" type="stmt"/>
        <line num="19" count="1" type="stmt"/>
        <line num="20" count="1" type="stmt"/>
        <line num="23" count="1" type="cond" truecount="1" falsecount="1"/>
        <line num="25" count="1" type="stmt"/>
        <line num="26" count="1" type="stmt"/>
        <line num="27" count="1" type="stmt"/>
        <line num="28" count="1" type="stmt"/>
        <line num="31" count="1" type="stmt"/>
        <line num="32" count="1" type="stmt"/>
        <line num="33" count="1" type="stmt"/>
        <line num="35" count="1" type="cond" truecount="1" falsecount="1"/>
        <line num="37" count="1" type="stmt"/>
        <line num="38" count="0" type="stmt"/>
        <line num="39" count="0" type="cond" truecount="0" falsecount="2"/>
        <line num="40" count="0" type="stmt"/>
        <line num="42" count="0" type="stmt"/>
        <line num="46" count="1" type="stmt"/>
        <line num="47" count="0" type="stmt"/>
        <line num="48" count="0" type="stmt"/>
        <line num="51" count="1" type="stmt"/>
        <line num="52" count="0" type="stmt"/>
        <line num="55" count="1" type="cond" truecount="1" falsecount="1"/>
        <line num="56" count="1" type="cond" truecount="1" falsecount="1"/>
        <line num="57" count="1" type="cond" truecount="1" falsecount="1"/>
        <line num="59" count="1" type="stmt"/>
        <line num="65" count="1" type="stmt"/>
        <line num="66" count="1" type="stmt"/>
        <line num="74" count="4" type="stmt"/>
        <line num="81" count="0" type="cond" truecount="0" falsecount="2"/>
        <line num="82" count="0" type="cond" truecount="0" falsecount="2"/>
        <line num="105" count="3" type="cond" truecount="1" falsecount="1"/>
        <line num="138" count="0" type="stmt"/>
        <line num="184" count="3" type="cond" truecount="1" falsecount="1"/>
        <line num="206" count="1" type="stmt"/>
        <line num="208" count="0" type="cond" truecount="0" falsecount="2"/>
        <line num="210" count="0" type="cond" truecount="0" falsecount="2"/>
        <line num="211" count="0" type="stmt"/>
        <line num="228" count="0" type="stmt"/>
        <line num="240" count="0" type="stmt"/>
        <line num="255" count="0" type="stmt"/>
        <line num="259" count="0" type="stmt"/>
        <line num="274" count="1" type="stmt"/>
        <line num="275" count="0" type="stmt"/>
        <line num="280" count="0" type="stmt"/>
        <line num="286" count="0" type="stmt"/>
        <line num="300" count="0" type="stmt"/>
        <line num="309" count="0" type="stmt"/>
        <line num="313" count="0" type="stmt"/>
        <line num="315" count="0" type="stmt"/>
        <line num="324" count="0" type="stmt"/>
        <line num="341" count="0" type="stmt"/>
        <line num="353" count="0" type="stmt"/>
        <line num="363" count="1" type="stmt"/>
        <line num="364" count="0" type="stmt"/>
        <line num="366" count="0" type="stmt"/>
        <line num="374" count="1" type="stmt"/>
        <line num="375" count="0" type="stmt"/>
        <line num="393" count="0" type="stmt"/>
        <line num="399" count="0" type="stmt"/>
        <line num="431" count="1" type="stmt"/>
        <line num="438" count="0" type="stmt"/>
        <line num="445" count="0" type="stmt"/>
        <line num="451" count="0" type="stmt"/>
        <line num="502" count="5" type="stmt"/>
        <line num="504" count="0" type="stmt"/>
      </file>
      <file name="LocationsPage.jsx" path="/Users/macbookair15/Desktop/Gastromap_antigravity_V2/v2_skeleton/src/features/public/pages/LocationsPage.jsx">
        <metrics statements="36" coveredstatements="23" conditionals="60" coveredconditionals="31" methods="18" coveredmethods="7"/>
        <line num="15" count="3" type="stmt"/>
        <line num="70" count="3" type="stmt"/>
        <line num="71" count="1" type="stmt"/>
        <line num="72" count="1" type="stmt"/>
        <line num="73" count="1" type="stmt"/>
        <line num="74" count="1" type="stmt"/>
        <line num="76" count="1" type="stmt"/>
        <line num="77" count="1" type="stmt"/>
        <line num="78" count="1" type="stmt"/>
        <line num="79" count="1" type="stmt"/>
        <line num="82" count="1" type="stmt"/>
        <line num="83" count="1" type="stmt"/>
        <line num="85" count="1" type="cond" truecount="1" falsecount="1"/>
        <line num="86" count="1" type="cond" truecount="1" falsecount="1"/>
        <line num="88" count="1" type="stmt"/>
        <line num="95" count="1" type="stmt"/>
        <line num="100" count="1" type="stmt"/>
        <line num="102" count="0" type="stmt"/>
        <line num="119" count="0" type="stmt"/>
        <line num="124" count="0" type="stmt"/>
        <line num="144" count="0" type="cond" truecount="0" falsecount="2"/>
        <line num="145" count="0" type="cond" truecount="0" falsecount="2"/>
        <line num="151" count="0" type="stmt"/>
        <line num="159" count="0" type="stmt"/>
        <line num="160" count="0" type="cond" truecount="0" falsecount="2"/>
        <line num="189" count="0" type="stmt"/>
        <line num="195" count="4" type="stmt"/>
        <line num="196" count="3" type="stmt"/>
        <line num="198" count="0" type="stmt"/>
        <line num="217" count="4" type="stmt"/>
        <line num="220" count="1" type="stmt"/>
        <line num="309" count="2" type="stmt"/>
        <line num="311" count="0" type="stmt"/>
        <line num="339" count="0" type="stmt"/>
        <line num="360" count="4" type="stmt"/>
        <line num="363" count="0" type="stmt"/>
      </file>
      <file name="PricingPage.jsx" path="/Users/macbookair15/Desktop/Gastromap_antigravity_V2/v2_skeleton/src/features/public/pages/PricingPage.jsx">
        <metrics statements="2" coveredstatements="1" conditionals="0" coveredconditionals="0" methods="1" coveredmethods="0"/>
        <line num="7" count="3" type="stmt"/>
        <line num="8" count="0" type="stmt"/>
      </file>
      <file name="PublicPage.jsx" path="/Users/macbookair15/Desktop/Gastromap_antigravity_V2/v2_skeleton/src/features/public/pages/PublicPage.jsx">
        <metrics statements="2" coveredstatements="1" conditionals="2" coveredconditionals="0" methods="1" coveredmethods="0"/>
        <line num="5" count="3" type="stmt"/>
        <line num="6" count="0" type="stmt"/>
      </file>
    </package>
    <package name="src.hooks">
      <metrics statements="19" coveredstatements="13" conditionals="6" coveredconditionals="2" methods="7" coveredmethods="3"/>
      <file name="useTheme.js" path="/Users/macbookair15/Desktop/Gastromap_antigravity_V2/v2_skeleton/src/hooks/useTheme.js">
        <metrics statements="19" coveredstatements="13" conditionals="6" coveredconditionals="2" methods="7" coveredmethods="3"/>
        <line num="4" count="3" type="stmt"/>
        <line num="7" count="23" type="stmt"/>
        <line num="13" count="23" type="stmt"/>
        <line num="14" count="19" type="stmt"/>
        <line num="23" count="0" type="stmt"/>
        <line num="24" count="0" type="stmt"/>
        <line num="28" count="19" type="stmt"/>
        <line num="31" count="19" type="stmt"/>
        <line num="32" count="19" type="stmt"/>
        <line num="37" count="0" type="stmt"/>
        <line num="38" count="0" type="stmt"/>
        <line num="41" count="19" type="stmt"/>
        <line num="43" count="19" type="stmt"/>
        <line num="44" count="19" type="stmt"/>
        <line num="45" count="19" type="stmt"/>
        <line num="49" count="23" type="stmt"/>
        <line num="50" count="0" type="cond" truecount="0" falsecount="2"/>
        <line num="51" count="0" type="stmt"/>
        <line num="54" count="23" type="stmt"/>
      </file>
    </package>
    <package name="src.lib">
      <metrics statements="1" coveredstatements="1" conditionals="0" coveredconditionals="0" methods="1" coveredmethods="1"/>
      <file name="utils.js" path="/Users/macbookair15/Desktop/Gastromap_antigravity_V2/v2_skeleton/src/lib/utils.js">
        <metrics statements="1" coveredstatements="1" conditionals="0" coveredconditionals="0" methods="1" coveredmethods="1"/>
        <line num="5" count="569" type="stmt"/>
      </file>
    </package>
    <package name="src.mocks">
      <metrics statements="2" coveredstatements="2" conditionals="0" coveredconditionals="0" methods="0" coveredmethods="0"/>
      <file name="locations.js" path="/Users/macbookair15/Desktop/Gastromap_antigravity_V2/v2_skeleton/src/mocks/locations.js">
        <metrics statements="2" coveredstatements="2" conditionals="0" coveredconditionals="0" methods="0" coveredmethods="0"/>
        <line num="1" count="3" type="stmt"/>
        <line num="52" count="3" type="stmt"/>
      </file>
    </package>
    <package name="src.utils">
      <metrics statements="28" coveredstatements="21" conditionals="22" coveredconditionals="10" methods="7" coveredmethods="5"/>
      <file name="ThemeController.js" path="/Users/macbookair15/Desktop/Gastromap_antigravity_V2/v2_skeleton/src/utils/ThemeController.js">
        <metrics statements="28" coveredstatements="21" conditionals="22" coveredconditionals="10" methods="7" coveredmethods="5"/>
        <line num="3" count="3" type="stmt"/>
        <line num="11" count="6" type="cond" truecount="1" falsecount="1"/>
        <line num="12" count="6" type="stmt"/>
        <line num="13" count="6" type="cond" truecount="2" falsecount="2"/>
        <line num="14" count="6" type="stmt"/>
        <line num="18" count="3" type="cond" truecount="1" falsecount="1"/>
        <line num="19" count="3" type="cond" truecount="1" falsecount="1"/>
        <line num="23" count="3" type="cond" truecount="1" falsecount="1"/>
        <line num="25" count="3" type="stmt"/>
        <line num="27" count="3" type="cond" truecount="1" falsecount="1"/>
        <line num="28" count="3" type="stmt"/>
        <line num="32" count="3" type="stmt"/>
        <line num="35" count="3" type="cond" truecount="1" falsecount="1"/>
        <line num="36" count="0" type="stmt"/>
        <line num="38" count="3" type="stmt"/>
        <line num="43" count="3" type="cond" truecount="1" falsecount="1"/>
        <line num="44" count="0" type="stmt"/>
        <line num="49" count="0" type="stmt"/>
        <line num="50" count="0" type="stmt"/>
        <line num="51" count="0" type="stmt"/>
        <line num="56" count="3" type="stmt"/>
        <line num="57" count="3" type="stmt"/>
        <line num="60" count="3" type="stmt"/>
        <line num="61" count="0" type="cond" truecount="0" falsecount="2"/>
        <line num="62" count="0" type="stmt"/>
        <line num="68" count="3" type="stmt"/>
        <line num="70" count="3" type="cond" truecount="1" falsecount="1"/>
        <line num="71" count="3" type="stmt"/>
      </file>
    </package>
  </project>
</coverage>
