{"/Users/macbookair15/Desktop/Gastromap_antigravity_V2/v2_skeleton/src/App.jsx": {"path":"/Users/macbookair15/Desktop/Gastromap_antigravity_V2/v2_skeleton/src/App.jsx","statementMap":{"0":{"start":{"line":41,"column":2},"end":{"line":98,"column":null}}},"fnMap":{"0":{"name":"App","decl":{"start":{"line":40,"column":9},"end":{"line":40,"column":15}},"loc":{"start":{"line":40,"column":15},"end":{"line":100,"column":null}},"line":40}},"branchMap":{},"s":{"0":4},"f":{"0":4},"b":{},"meta":{"lastBranch":0,"lastFunction":1,"lastStatement":1,"seen":{"f:40:9:40:15":0,"s:41:2:98:Infinity":0}}}
,"/Users/macbookair15/Desktop/Gastromap_antigravity_V2/v2_skeleton/src/components/layout/BottomNav.jsx": {"path":"/Users/macbookair15/Desktop/Gastromap_antigravity_V2/v2_skeleton/src/components/layout/BottomNav.jsx","statementMap":{"0":{"start":{"line":9,"column":10},"end":{"line":9,"column":null}},"1":{"start":{"line":10,"column":18},"end":{"line":10,"column":null}},"2":{"start":{"line":11,"column":19},"end":{"line":11,"column":null}},"3":{"start":{"line":12,"column":20},"end":{"line":12,"column":null}},"4":{"start":{"line":15,"column":21},"end":{"line":21,"column":null}},"5":{"start":{"line":23,"column":4},"end":{"line":122,"column":null}},"6":{"start":{"line":43,"column":37},"end":{"line":43,"column":null}},"7":{"start":{"line":44,"column":41},"end":{"line":44,"column":null}},"8":{"start":{"line":46,"column":24},"end":{"line":117,"column":null}}},"fnMap":{"0":{"name":"BottomNav","decl":{"start":{"line":8,"column":16},"end":{"line":8,"column":28}},"loc":{"start":{"line":8,"column":28},"end":{"line":124,"column":null}},"line":8},"1":{"name":"(anonymous_1)","decl":{"start":{"line":42,"column":34},"end":{"line":42,"column":35}},"loc":{"start":{"line":42,"column":44},"end":{"line":119,"column":21}},"line":42}},"branchMap":{"0":{"loc":{"start":{"line":26,"column":12},"end":{"line":26,"column":null}},"type":"cond-expr","locations":[{"start":{"line":26,"column":24},"end":{"line":26,"column":37}},{"start":{"line":26,"column":37},"end":{"line":26,"column":null}}],"line":26},"1":{"loc":{"start":{"line":31,"column":28},"end":{"line":31,"column":null}},"type":"cond-expr","locations":[{"start":{"line":31,"column":40},"end":{"line":31,"column":49}},{"start":{"line":31,"column":49},"end":{"line":31,"column":null}}],"line":31},"2":{"loc":{"start":{"line":36,"column":20},"end":{"line":38,"column":null}},"type":"cond-expr","locations":[{"start":{"line":37,"column":26},"end":{"line":37,"column":null}},{"start":{"line":38,"column":26},"end":{"line":38,"column":null}}],"line":36},"3":{"loc":{"start":{"line":44,"column":41},"end":{"line":44,"column":null}},"type":"binary-expr","locations":[{"start":{"line":44,"column":41},"end":{"line":44,"column":77}},{"start":{"line":44,"column":77},"end":{"line":44,"column":105}},{"start":{"line":44,"column":105},"end":{"line":44,"column":null}}],"line":44},"4":{"loc":{"start":{"line":52,"column":36},"end":{"line":54,"column":null}},"type":"cond-expr","locations":[{"start":{"line":53,"column":43},"end":{"line":53,"column":null}},{"start":{"line":54,"column":43},"end":{"line":54,"column":null}}],"line":52},"5":{"loc":{"start":{"line":53,"column":43},"end":{"line":53,"column":null}},"type":"cond-expr","locations":[{"start":{"line":53,"column":52},"end":{"line":53,"column":67}},{"start":{"line":53,"column":67},"end":{"line":53,"column":null}}],"line":53},"6":{"loc":{"start":{"line":54,"column":43},"end":{"line":54,"column":null}},"type":"cond-expr","locations":[{"start":{"line":54,"column":52},"end":{"line":54,"column":90}},{"start":{"line":54,"column":90},"end":{"line":54,"column":null}}],"line":54},"7":{"loc":{"start":{"line":59,"column":36},"end":{"line":59,"column":null}},"type":"cond-expr","locations":[{"start":{"line":59,"column":48},"end":{"line":59,"column":62}},{"start":{"line":59,"column":62},"end":{"line":59,"column":null}}],"line":59},"8":{"loc":{"start":{"line":61,"column":37},"end":{"line":66,"column":null}},"type":"binary-expr","locations":[{"start":{"line":61,"column":37},"end":{"line":61,"column":null}},{"start":{"line":62,"column":40},"end":{"line":66,"column":null}}],"line":61},"9":{"loc":{"start":{"line":71,"column":40},"end":{"line":71,"column":null}},"type":"cond-expr","locations":[{"start":{"line":71,"column":51},"end":{"line":71,"column":66}},{"start":{"line":71,"column":66},"end":{"line":71,"column":null}}],"line":71},"10":{"loc":{"start":{"line":73,"column":41},"end":{"line":77,"column":null}},"type":"binary-expr","locations":[{"start":{"line":73,"column":41},"end":{"line":73,"column":null}},{"start":{"line":74,"column":44},"end":{"line":77,"column":null}}],"line":73},"11":{"loc":{"start":{"line":80,"column":53},"end":{"line":83,"column":null}},"type":"cond-expr","locations":[{"start":{"line":80,"column":94},"end":{"line":83,"column":48}},{"start":{"line":83,"column":48},"end":{"line":83,"column":null}}],"line":80},"12":{"loc":{"start":{"line":80,"column":53},"end":{"line":80,"column":94}},"type":"binary-expr","locations":[{"start":{"line":80,"column":53},"end":{"line":80,"column":82}},{"start":{"line":80,"column":82},"end":{"line":80,"column":94}}],"line":80},"13":{"loc":{"start":{"line":93,"column":48},"end":{"line":93,"column":null}},"type":"binary-expr","locations":[{"start":{"line":93,"column":48},"end":{"line":93,"column":60}},{"start":{"line":93,"column":60},"end":{"line":93,"column":null}}],"line":93},"14":{"loc":{"start":{"line":95,"column":48},"end":{"line":95,"column":null}},"type":"binary-expr","locations":[{"start":{"line":95,"column":48},"end":{"line":95,"column":77}},{"start":{"line":95,"column":77},"end":{"line":95,"column":90}},{"start":{"line":95,"column":90},"end":{"line":95,"column":null}}],"line":95},"15":{"loc":{"start":{"line":102,"column":37},"end":{"line":114,"column":null}},"type":"binary-expr","locations":[{"start":{"line":102,"column":37},"end":{"line":102,"column":null}},{"start":{"line":103,"column":40},"end":{"line":114,"column":null}}],"line":102},"16":{"loc":{"start":{"line":110,"column":48},"end":{"line":110,"column":null}},"type":"cond-expr","locations":[{"start":{"line":110,"column":59},"end":{"line":110,"column":85}},{"start":{"line":110,"column":85},"end":{"line":110,"column":null}}],"line":110}},"s":{"0":3,"1":3,"2":3,"3":3,"4":3,"5":3,"6":15,"7":15,"8":15},"f":{"0":3,"1":15},"b":{"0":[3,0],"1":[3,0],"2":[0,3],"3":[15,13,2],"4":[3,12],"5":[0,3],"6":[0,12],"7":[15,0],"8":[15,3],"9":[3,12],"10":[15,3],"11":[3,12],"12":[15,3],"13":[15,3],"14":[15,3,3],"15":[15,0],"16":[0,0]},"meta":{"lastBranch":17,"lastFunction":2,"lastStatement":9,"seen":{"f:8:16:8:28":0,"s:9:10:9:Infinity":0,"s:10:18:10:Infinity":1,"s:11:19:11:Infinity":2,"s:12:20:12:Infinity":3,"s:15:21:21:Infinity":4,"s:23:4:122:Infinity":5,"b:26:24:26:37:26:37:26:Infinity":0,"b:31:40:31:49:31:49:31:Infinity":1,"b:37:26:37:Infinity:38:26:38:Infinity":2,"f:42:34:42:35":1,"s:43:37:43:Infinity":6,"s:44:41:44:Infinity":7,"b:44:41:44:77:44:77:44:105:44:105:44:Infinity":3,"s:46:24:117:Infinity":8,"b:53:43:53:Infinity:54:43:54:Infinity":4,"b:53:52:53:67:53:67:53:Infinity":5,"b:54:52:54:90:54:90:54:Infinity":6,"b:59:48:59:62:59:62:59:Infinity":7,"b:61:37:61:Infinity:62:40:66:Infinity":8,"b:71:51:71:66:71:66:71:Infinity":9,"b:73:41:73:Infinity:74:44:77:Infinity":10,"b:80:94:83:48:83:48:83:Infinity":11,"b:80:53:80:82:80:82:80:94":12,"b:93:48:93:60:93:60:93:Infinity":13,"b:95:48:95:77:95:77:95:90:95:90:95:Infinity":14,"b:102:37:102:Infinity:103:40:114:Infinity":15,"b:110:59:110:85:110:85:110:Infinity":16}}}
,"/Users/macbookair15/Desktop/Gastromap_antigravity_V2/v2_skeleton/src/components/layout/MainLayout.jsx": {"path":"/Users/macbookair15/Desktop/Gastromap_antigravity_V2/v2_skeleton/src/components/layout/MainLayout.jsx","statementMap":{"0":{"start":{"line":13,"column":18},"end":{"line":13,"column":null}},"1":{"start":{"line":14,"column":36},"end":{"line":14,"column":null}},"2":{"start":{"line":15,"column":10},"end":{"line":15,"column":null}},"3":{"start":{"line":16,"column":22},"end":{"line":16,"column":null}},"4":{"start":{"line":17,"column":22},"end":{"line":17,"column":null}},"5":{"start":{"line":18,"column":22},"end":{"line":18,"column":null}},"6":{"start":{"line":20,"column":4},"end":{"line":45,"column":null}},"7":{"start":{"line":37,"column":39},"end":{"line":37,"column":null}},"8":{"start":{"line":43,"column":68},"end":{"line":43,"column":90}}},"fnMap":{"0":{"name":"MainLayout","decl":{"start":{"line":12,"column":16},"end":{"line":12,"column":29}},"loc":{"start":{"line":12,"column":29},"end":{"line":47,"column":null}},"line":12},"1":{"name":"(anonymous_1)","decl":{"start":{"line":37,"column":33},"end":{"line":37,"column":39}},"loc":{"start":{"line":37,"column":39},"end":{"line":37,"column":null}},"line":37},"2":{"name":"(anonymous_2)","decl":{"start":{"line":43,"column":62},"end":{"line":43,"column":68}},"loc":{"start":{"line":43,"column":68},"end":{"line":43,"column":90}},"line":43}},"branchMap":{"0":{"loc":{"start":{"line":18,"column":22},"end":{"line":18,"column":null}},"type":"binary-expr","locations":[{"start":{"line":18,"column":22},"end":{"line":18,"column":36}},{"start":{"line":18,"column":36},"end":{"line":18,"column":null}}],"line":18},"1":{"loc":{"start":{"line":24,"column":71},"end":{"line":24,"column":null}},"type":"cond-expr","locations":[{"start":{"line":24,"column":83},"end":{"line":24,"column":100}},{"start":{"line":24,"column":100},"end":{"line":24,"column":null}}],"line":24},"2":{"loc":{"start":{"line":33,"column":17},"end":{"line":40,"column":null}},"type":"binary-expr","locations":[{"start":{"line":33,"column":17},"end":{"line":33,"column":null}},{"start":{"line":34,"column":20},"end":{"line":40,"column":null}}],"line":33}},"s":{"0":3,"1":3,"2":3,"3":3,"4":3,"5":3,"6":3,"7":0,"8":0},"f":{"0":3,"1":0,"2":0},"b":{"0":[3,3],"1":[3,0],"2":[3,3]},"meta":{"lastBranch":3,"lastFunction":3,"lastStatement":9,"seen":{"f:12:16:12:29":0,"s:13:18:13:Infinity":0,"s:14:36:14:Infinity":1,"s:15:10:15:Infinity":2,"s:16:22:16:Infinity":3,"s:17:22:17:Infinity":4,"s:18:22:18:Infinity":5,"b:18:22:18:36:18:36:18:Infinity":0,"s:20:4:45:Infinity":6,"b:24:83:24:100:24:100:24:Infinity":1,"b:33:17:33:Infinity:34:20:40:Infinity":2,"f:37:33:37:39":1,"s:37:39:37:Infinity":7,"f:43:62:43:68":2,"s:43:68:43:90":8}}}
,"/Users/macbookair15/Desktop/Gastromap_antigravity_V2/v2_skeleton/src/components/layout/PublicLayout.jsx": {"path":"/Users/macbookair15/Desktop/Gastromap_antigravity_V2/v2_skeleton/src/components/layout/PublicLayout.jsx","statementMap":{"0":{"start":{"line":6,"column":21},"end":{"line":16,"column":null}},"1":{"start":{"line":7,"column":4},"end":{"line":14,"column":null}}},"fnMap":{"0":{"name":"(anonymous_0)","decl":{"start":{"line":6,"column":21},"end":{"line":6,"column":27}},"loc":{"start":{"line":6,"column":27},"end":{"line":16,"column":null}},"line":6}},"branchMap":{},"s":{"0":3,"1":2},"f":{"0":2},"b":{},"meta":{"lastBranch":0,"lastFunction":1,"lastStatement":2,"seen":{"s:6:21:16:Infinity":0,"f:6:21:6:27":0,"s:7:4:14:Infinity":1}}}
,"/Users/macbookair15/Desktop/Gastromap_antigravity_V2/v2_skeleton/src/components/layout/UniversalHeader.jsx": {"path":"/Users/macbookair15/Desktop/Gastromap_antigravity_V2/v2_skeleton/src/components/layout/UniversalHeader.jsx","statementMap":{"0":{"start":{"line":9,"column":31},"end":{"line":9,"column":null}},"1":{"start":{"line":10,"column":27},"end":{"line":10,"column":null}},"2":{"start":{"line":11,"column":17},"end":{"line":11,"column":null}},"3":{"start":{"line":12,"column":20},"end":{"line":12,"column":null}},"4":{"start":{"line":13,"column":19},"end":{"line":13,"column":null}},"5":{"start":{"line":15,"column":36},"end":{"line":15,"column":null}},"6":{"start":{"line":17,"column":4},"end":{"line":23,"column":null}},"7":{"start":{"line":18,"column":29},"end":{"line":20,"column":null}},"8":{"start":{"line":19,"column":12},"end":{"line":19,"column":null}},"9":{"start":{"line":21,"column":8},"end":{"line":21,"column":null}},"10":{"start":{"line":22,"column":8},"end":{"line":22,"column":null}},"11":{"start":{"line":22,"column":21},"end":{"line":22,"column":null}},"12":{"start":{"line":25,"column":23},"end":{"line":27,"column":null}},"13":{"start":{"line":29,"column":22},"end":{"line":29,"column":null}},"14":{"start":{"line":31,"column":21},"end":{"line":35,"column":null}},"15":{"start":{"line":37,"column":4},"end":{"line":61,"column":null}}},"fnMap":{"0":{"name":"UniversalHeader","decl":{"start":{"line":8,"column":16},"end":{"line":8,"column":34}},"loc":{"start":{"line":8,"column":34},"end":{"line":63,"column":null}},"line":8},"1":{"name":"(anonymous_1)","decl":{"start":{"line":17,"column":14},"end":{"line":17,"column":20}},"loc":{"start":{"line":17,"column":20},"end":{"line":23,"column":7}},"line":17},"2":{"name":"(anonymous_2)","decl":{"start":{"line":18,"column":29},"end":{"line":18,"column":35}},"loc":{"start":{"line":18,"column":35},"end":{"line":20,"column":null}},"line":18},"3":{"name":"(anonymous_3)","decl":{"start":{"line":22,"column":15},"end":{"line":22,"column":21}},"loc":{"start":{"line":22,"column":21},"end":{"line":22,"column":null}},"line":22}},"branchMap":{"0":{"loc":{"start":{"line":11,"column":17},"end":{"line":11,"column":null}},"type":"binary-expr","locations":[{"start":{"line":11,"column":17},"end":{"line":11,"column":29}},{"start":{"line":11,"column":29},"end":{"line":11,"column":null}}],"line":11},"1":{"loc":{"start":{"line":25,"column":23},"end":{"line":27,"column":null}},"type":"cond-expr","locations":[{"start":{"line":26,"column":10},"end":{"line":26,"column":null}},{"start":{"line":27,"column":10},"end":{"line":27,"column":null}}],"line":25},"2":{"loc":{"start":{"line":29,"column":22},"end":{"line":29,"column":null}},"type":"cond-expr","locations":[{"start":{"line":29,"column":31},"end":{"line":29,"column":46}},{"start":{"line":29,"column":46},"end":{"line":29,"column":null}}],"line":29},"3":{"loc":{"start":{"line":31,"column":21},"end":{"line":35,"column":null}},"type":"cond-expr","locations":[{"start":{"line":32,"column":11},"end":{"line":34,"column":null}},{"start":{"line":35,"column":10},"end":{"line":35,"column":null}}],"line":31},"4":{"loc":{"start":{"line":32,"column":11},"end":{"line":34,"column":null}},"type":"cond-expr","locations":[{"start":{"line":33,"column":14},"end":{"line":33,"column":null}},{"start":{"line":34,"column":14},"end":{"line":34,"column":null}}],"line":32},"5":{"loc":{"start":{"line":41,"column":166},"end":{"line":41,"column":236}},"type":"cond-expr","locations":[{"start":{"line":41,"column":175},"end":{"line":41,"column":207}},{"start":{"line":41,"column":207},"end":{"line":41,"column":236}}],"line":41},"6":{"loc":{"start":{"line":48,"column":21},"end":{"line":51,"column":null}},"type":"binary-expr","locations":[{"start":{"line":48,"column":21},"end":{"line":48,"column":null}},{"start":{"line":49,"column":24},"end":{"line":51,"column":null}}],"line":48},"7":{"loc":{"start":{"line":54,"column":25},"end":{"line":54,"column":null}},"type":"cond-expr","locations":[{"start":{"line":54,"column":34},"end":{"line":54,"column":82}},{"start":{"line":54,"column":82},"end":{"line":54,"column":null}}],"line":54}},"s":{"0":3,"1":3,"2":3,"3":3,"4":3,"5":3,"6":3,"7":2,"8":0,"9":2,"10":2,"11":2,"12":3,"13":3,"14":3,"15":3},"f":{"0":3,"1":2,"2":0,"3":2},"b":{"0":[3,3],"1":[0,3],"2":[0,3],"3":[0,3],"4":[0,0],"5":[0,3],"6":[3,3],"7":[0,3]},"meta":{"lastBranch":8,"lastFunction":4,"lastStatement":16,"seen":{"f:8:16:8:34":0,"s:9:31:9:Infinity":0,"s:10:27:10:Infinity":1,"s:11:17:11:Infinity":2,"b:11:17:11:29:11:29:11:Infinity":0,"s:12:20:12:Infinity":3,"s:13:19:13:Infinity":4,"s:15:36:15:Infinity":5,"s:17:4:23:Infinity":6,"f:17:14:17:20":1,"s:18:29:20:Infinity":7,"f:18:29:18:35":2,"s:19:12:19:Infinity":8,"s:21:8:21:Infinity":9,"s:22:8:22:Infinity":10,"f:22:15:22:21":3,"s:22:21:22:Infinity":11,"s:25:23:27:Infinity":12,"b:26:10:26:Infinity:27:10:27:Infinity":1,"s:29:22:29:Infinity":13,"b:29:31:29:46:29:46:29:Infinity":2,"s:31:21:35:Infinity":14,"b:32:11:34:Infinity:35:10:35:Infinity":3,"b:33:14:33:Infinity:34:14:34:Infinity":4,"s:37:4:61:Infinity":15,"b:41:175:41:207:41:207:41:236":5,"b:48:21:48:Infinity:49:24:51:Infinity":6,"b:54:34:54:82:54:82:54:Infinity":7}}}
,"/Users/macbookair15/Desktop/Gastromap_antigravity_V2/v2_skeleton/src/components/layout/public/PageHeader.jsx": {"path":"/Users/macbookair15/Desktop/Gastromap_antigravity_V2/v2_skeleton/src/components/layout/public/PageHeader.jsx","statementMap":{"0":{"start":{"line":4,"column":19},"end":{"line":25,"column":null}},"1":{"start":{"line":5,"column":4},"end":{"line":25,"column":null}}},"fnMap":{"0":{"name":"(anonymous_0)","decl":{"start":{"line":4,"column":19},"end":{"line":4,"column":20}},"loc":{"start":{"line":5,"column":4},"end":{"line":25,"column":null}},"line":5}},"branchMap":{"0":{"loc":{"start":{"line":13,"column":21},"end":{"line":13,"column":null}},"type":"binary-expr","locations":[{"start":{"line":13,"column":21},"end":{"line":13,"column":34}},{"start":{"line":13,"column":34},"end":{"line":13,"column":null}}],"line":13},"1":{"loc":{"start":{"line":18,"column":17},"end":{"line":21,"column":null}},"type":"binary-expr","locations":[{"start":{"line":18,"column":17},"end":{"line":18,"column":null}},{"start":{"line":19,"column":20},"end":{"line":21,"column":null}}],"line":18}},"s":{"0":3,"1":0},"f":{"0":0},"b":{"0":[0,0],"1":[0,0]},"meta":{"lastBranch":2,"lastFunction":1,"lastStatement":2,"seen":{"s:4:19:25:Infinity":0,"f:4:19:4:20":0,"s:5:4:25:Infinity":1,"b:13:21:13:34:13:34:13:Infinity":0,"b:18:17:18:Infinity:19:20:21:Infinity":1}}}
,"/Users/macbookair15/Desktop/Gastromap_antigravity_V2/v2_skeleton/src/components/layout/public/PublicFooter.jsx": {"path":"/Users/macbookair15/Desktop/Gastromap_antigravity_V2/v2_skeleton/src/components/layout/public/PublicFooter.jsx","statementMap":{"0":{"start":{"line":6,"column":21},"end":{"line":120,"column":null}},"1":{"start":{"line":7,"column":4},"end":{"line":120,"column":null}},"2":{"start":{"line":52,"column":28},"end":{"line":54,"column":null}},"3":{"start":{"line":97,"column":24},"end":{"line":108,"column":null}},"4":{"start":{"line":101,"column":36},"end":{"line":105,"column":null}}},"fnMap":{"0":{"name":"(anonymous_0)","decl":{"start":{"line":6,"column":21},"end":{"line":6,"column":null}},"loc":{"start":{"line":7,"column":4},"end":{"line":120,"column":null}},"line":7},"1":{"name":"(anonymous_1)","decl":{"start":{"line":51,"column":60},"end":{"line":51,"column":61}},"loc":{"start":{"line":52,"column":28},"end":{"line":54,"column":null}},"line":52},"2":{"name":"(anonymous_2)","decl":{"start":{"line":96,"column":26},"end":{"line":96,"column":27}},"loc":{"start":{"line":97,"column":24},"end":{"line":108,"column":null}},"line":97},"3":{"name":"(anonymous_3)","decl":{"start":{"line":100,"column":47},"end":{"line":100,"column":null}},"loc":{"start":{"line":101,"column":36},"end":{"line":105,"column":null}},"line":101}},"branchMap":{},"s":{"0":3,"1":2,"2":6,"3":8,"4":32},"f":{"0":2,"1":6,"2":8,"3":32},"b":{},"meta":{"lastBranch":0,"lastFunction":4,"lastStatement":5,"seen":{"s:6:21:120:Infinity":0,"f:6:21:6:Infinity":0,"s:7:4:120:Infinity":1,"f:51:60:51:61":1,"s:52:28:54:Infinity":2,"f:96:26:96:27":2,"s:97:24:108:Infinity":3,"f:100:47:100:Infinity":3,"s:101:36:105:Infinity":4}}}
,"/Users/macbookair15/Desktop/Gastromap_antigravity_V2/v2_skeleton/src/components/layout/public/PublicNavbar.jsx": {"path":"/Users/macbookair15/Desktop/Gastromap_antigravity_V2/v2_skeleton/src/components/layout/public/PublicNavbar.jsx","statementMap":{"0":{"start":{"line":5,"column":21},"end":{"line":18,"column":null}},"1":{"start":{"line":6,"column":4},"end":{"line":18,"column":null}}},"fnMap":{"0":{"name":"(anonymous_0)","decl":{"start":{"line":5,"column":21},"end":{"line":5,"column":null}},"loc":{"start":{"line":6,"column":4},"end":{"line":18,"column":null}},"line":6}},"branchMap":{},"s":{"0":3,"1":2},"f":{"0":2},"b":{},"meta":{"lastBranch":0,"lastFunction":1,"lastStatement":2,"seen":{"s:5:21:18:Infinity":0,"f:5:21:5:Infinity":0,"s:6:4:18:Infinity":1}}}
,"/Users/macbookair15/Desktop/Gastromap_antigravity_V2/v2_skeleton/src/components/ui/PageTransition.jsx": {"path":"/Users/macbookair15/Desktop/Gastromap_antigravity_V2/v2_skeleton/src/components/ui/PageTransition.jsx","statementMap":{"0":{"start":{"line":4,"column":17},"end":{"line":23,"column":null}},"1":{"start":{"line":25,"column":19},"end":{"line":30,"column":null}},"2":{"start":{"line":32,"column":30},"end":{"line":45,"column":null}},"3":{"start":{"line":33,"column":4},"end":{"line":43,"column":null}}},"fnMap":{"0":{"name":"(anonymous_0)","decl":{"start":{"line":32,"column":30},"end":{"line":32,"column":31}},"loc":{"start":{"line":32,"column":59},"end":{"line":45,"column":null}},"line":32}},"branchMap":{},"s":{"0":3,"1":3,"2":3,"3":3},"f":{"0":3},"b":{},"meta":{"lastBranch":0,"lastFunction":1,"lastStatement":4,"seen":{"s:4:17:23:Infinity":0,"s:25:19:30:Infinity":1,"s:32:30:45:Infinity":2,"f:32:30:32:31":0,"s:33:4:43:Infinity":3}}}
,"/Users/macbookair15/Desktop/Gastromap_antigravity_V2/v2_skeleton/src/components/ui/aurora-background.jsx": {"path":"/Users/macbookair15/Desktop/Gastromap_antigravity_V2/v2_skeleton/src/components/ui/aurora-background.jsx","statementMap":{"0":{"start":{"line":12,"column":25},"end":{"line":60,"column":null}},"1":{"start":{"line":14,"column":20},"end":{"line":14,"column":null}},"2":{"start":{"line":17,"column":20},"end":{"line":17,"column":null}},"3":{"start":{"line":20,"column":23},"end":{"line":20,"column":null}},"4":{"start":{"line":21,"column":23},"end":{"line":21,"column":null}},"5":{"start":{"line":22,"column":23},"end":{"line":22,"column":null}},"6":{"start":{"line":24,"column":4},"end":{"line":58,"column":null}}},"fnMap":{"0":{"name":"(anonymous_0)","decl":{"start":{"line":12,"column":25},"end":{"line":12,"column":26}},"loc":{"start":{"line":12,"column":71},"end":{"line":60,"column":null}},"line":12}},"branchMap":{"0":{"loc":{"start":{"line":12,"column":28},"end":{"line":12,"column":45}},"type":"default-arg","locations":[{"start":{"line":12,"column":36},"end":{"line":12,"column":45}}],"line":12},"1":{"loc":{"start":{"line":17,"column":20},"end":{"line":17,"column":null}},"type":"cond-expr","locations":[{"start":{"line":17,"column":30},"end":{"line":17,"column":45}},{"start":{"line":17,"column":45},"end":{"line":17,"column":null}}],"line":17},"2":{"loc":{"start":{"line":20,"column":23},"end":{"line":20,"column":null}},"type":"cond-expr","locations":[{"start":{"line":20,"column":33},"end":{"line":20,"column":49}},{"start":{"line":20,"column":49},"end":{"line":20,"column":null}}],"line":20},"3":{"loc":{"start":{"line":21,"column":23},"end":{"line":21,"column":null}},"type":"cond-expr","locations":[{"start":{"line":21,"column":33},"end":{"line":21,"column":51}},{"start":{"line":21,"column":51},"end":{"line":21,"column":null}}],"line":21},"4":{"loc":{"start":{"line":22,"column":23},"end":{"line":22,"column":null}},"type":"cond-expr","locations":[{"start":{"line":22,"column":33},"end":{"line":22,"column":49}},{"start":{"line":22,"column":49},"end":{"line":22,"column":null}}],"line":22}},"s":{"0":3,"1":3,"2":3,"3":3,"4":3,"5":3,"6":3},"f":{"0":3},"b":{"0":[3],"1":[3,0],"2":[3,0],"3":[3,0],"4":[3,0]},"meta":{"lastBranch":5,"lastFunction":1,"lastStatement":7,"seen":{"s:12:25:60:Infinity":0,"f:12:25:12:26":0,"b:12:36:12:45":0,"s:14:20:14:Infinity":1,"s:17:20:17:Infinity":2,"b:17:30:17:45:17:45:17:Infinity":1,"s:20:23:20:Infinity":3,"b:20:33:20:49:20:49:20:Infinity":2,"s:21:23:21:Infinity":4,"b:21:33:21:51:21:51:21:Infinity":3,"s:22:23:22:Infinity":5,"b:22:33:22:49:22:49:22:Infinity":4,"s:24:4:58:Infinity":6}}}
,"/Users/macbookair15/Desktop/Gastromap_antigravity_V2/v2_skeleton/src/components/ui/badge.jsx": {"path":"/Users/macbookair15/Desktop/Gastromap_antigravity_V2/v2_skeleton/src/components/ui/badge.jsx","statementMap":{"0":{"start":{"line":5,"column":6},"end":{"line":23,"column":null}},"1":{"start":{"line":26,"column":4},"end":{"line":27,"column":null}}},"fnMap":{"0":{"name":"Badge","decl":{"start":{"line":25,"column":9},"end":{"line":25,"column":15}},"loc":{"start":{"line":25,"column":49},"end":{"line":29,"column":null}},"line":25}},"branchMap":{},"s":{"0":6,"1":22},"f":{"0":22},"b":{},"meta":{"lastBranch":0,"lastFunction":1,"lastStatement":2,"seen":{"s:5:6:23:Infinity":0,"f:25:9:25:15":0,"s:26:4:27:Infinity":1}}}
,"/Users/macbookair15/Desktop/Gastromap_antigravity_V2/v2_skeleton/src/components/ui/button.jsx": {"path":"/Users/macbookair15/Desktop/Gastromap_antigravity_V2/v2_skeleton/src/components/ui/button.jsx","statementMap":{"0":{"start":{"line":6,"column":6},"end":{"line":30,"column":null}},"1":{"start":{"line":32,"column":15},"end":{"line":41,"column":null}},"2":{"start":{"line":33,"column":17},"end":{"line":33,"column":null}},"3":{"start":{"line":34,"column":4},"end":{"line":39,"column":null}},"4":{"start":{"line":42,"column":0},"end":{"line":42,"column":null}}},"fnMap":{"0":{"name":"(anonymous_0)","decl":{"start":{"line":32,"column":32},"end":{"line":32,"column":33}},"loc":{"start":{"line":32,"column":98},"end":{"line":41,"column":1}},"line":32}},"branchMap":{"0":{"loc":{"start":{"line":32,"column":61},"end":{"line":32,"column":78}},"type":"default-arg","locations":[{"start":{"line":32,"column":71},"end":{"line":32,"column":78}}],"line":32},"1":{"loc":{"start":{"line":33,"column":17},"end":{"line":33,"column":null}},"type":"cond-expr","locations":[{"start":{"line":33,"column":27},"end":{"line":33,"column":34}},{"start":{"line":33,"column":34},"end":{"line":33,"column":null}}],"line":33}},"s":{"0":4,"1":4,"2":15,"3":15,"4":4},"f":{"0":15},"b":{"0":[15],"1":[0,15]},"meta":{"lastBranch":2,"lastFunction":1,"lastStatement":5,"seen":{"s:6:6:30:Infinity":0,"s:32:15:41:Infinity":1,"f:32:32:32:33":0,"b:32:71:32:78":0,"s:33:17:33:Infinity":2,"b:33:27:33:34:33:34:33:Infinity":1,"s:34:4:39:Infinity":3,"s:42:0:42:Infinity":4}}}
,"/Users/macbookair15/Desktop/Gastromap_antigravity_V2/v2_skeleton/src/components/ui/glass-card.jsx": {"path":"/Users/macbookair15/Desktop/Gastromap_antigravity_V2/v2_skeleton/src/components/ui/glass-card.jsx","statementMap":{"0":{"start":{"line":5,"column":18},"end":{"line":26,"column":null}},"1":{"start":{"line":6,"column":22},"end":{"line":6,"column":null}},"2":{"start":{"line":8,"column":4},"end":{"line":24,"column":null}},"3":{"start":{"line":27,"column":0},"end":{"line":27,"column":null}}},"fnMap":{"0":{"name":"(anonymous_0)","decl":{"start":{"line":5,"column":35},"end":{"line":5,"column":36}},"loc":{"start":{"line":5,"column":99},"end":{"line":26,"column":1}},"line":5}},"branchMap":{"0":{"loc":{"start":{"line":5,"column":59},"end":{"line":5,"column":79}},"type":"default-arg","locations":[{"start":{"line":5,"column":73},"end":{"line":5,"column":79}}],"line":5},"1":{"loc":{"start":{"line":6,"column":22},"end":{"line":6,"column":null}},"type":"cond-expr","locations":[{"start":{"line":6,"column":38},"end":{"line":6,"column":51}},{"start":{"line":6,"column":51},"end":{"line":6,"column":null}}],"line":6},"2":{"loc":{"start":{"line":13,"column":16},"end":{"line":13,"column":null}},"type":"binary-expr","locations":[{"start":{"line":13,"column":16},"end":{"line":13,"column":31}},{"start":{"line":13,"column":31},"end":{"line":13,"column":null}}],"line":13},"3":{"loc":{"start":{"line":16,"column":24},"end":{"line":16,"column":null}},"type":"cond-expr","locations":[{"start":{"line":16,"column":55},"end":{"line":16,"column":67}},{"start":{"line":16,"column":67},"end":{"line":16,"column":null}}],"line":16},"4":{"loc":{"start":{"line":16,"column":24},"end":{"line":16,"column":55}},"type":"binary-expr","locations":[{"start":{"line":16,"column":24},"end":{"line":16,"column":41}},{"start":{"line":16,"column":41},"end":{"line":16,"column":55}}],"line":16}},"s":{"0":3,"1":0,"2":0,"3":3},"f":{"0":0},"b":{"0":[0],"1":[0,0],"2":[0,0],"3":[0,0],"4":[0,0]},"meta":{"lastBranch":5,"lastFunction":1,"lastStatement":4,"seen":{"s:5:18:26:Infinity":0,"f:5:35:5:36":0,"b:5:73:5:79":0,"s:6:22:6:Infinity":1,"b:6:38:6:51:6:51:6:Infinity":1,"s:8:4:24:Infinity":2,"b:13:16:13:31:13:31:13:Infinity":2,"b:16:55:16:67:16:67:16:Infinity":3,"b:16:24:16:41:16:41:16:55":4,"s:27:0:27:Infinity":3}}}
,"/Users/macbookair15/Desktop/Gastromap_antigravity_V2/v2_skeleton/src/components/ui/input.jsx": {"path":"/Users/macbookair15/Desktop/Gastromap_antigravity_V2/v2_skeleton/src/components/ui/input.jsx","statementMap":{"0":{"start":{"line":4,"column":14},"end":{"line":16,"column":null}},"1":{"start":{"line":5,"column":4},"end":{"line":14,"column":null}},"2":{"start":{"line":17,"column":0},"end":{"line":17,"column":null}}},"fnMap":{"0":{"name":"(anonymous_0)","decl":{"start":{"line":4,"column":31},"end":{"line":4,"column":32}},"loc":{"start":{"line":4,"column":71},"end":{"line":16,"column":1}},"line":4}},"branchMap":{},"s":{"0":3,"1":0,"2":3},"f":{"0":0},"b":{},"meta":{"lastBranch":0,"lastFunction":1,"lastStatement":3,"seen":{"s:4:14:16:Infinity":0,"f:4:31:4:32":0,"s:5:4:14:Infinity":1,"s:17:0:17:Infinity":2}}}
,"/Users/macbookair15/Desktop/Gastromap_antigravity_V2/v2_skeleton/src/components/ui/smooth-scroll.jsx": {"path":"/Users/macbookair15/Desktop/Gastromap_antigravity_V2/v2_skeleton/src/components/ui/smooth-scroll.jsx","statementMap":{"0":{"start":{"line":5,"column":4},"end":{"line":27,"column":null}},"1":{"start":{"line":6,"column":22},"end":{"line":15,"column":null}},"2":{"start":{"line":8,"column":27},"end":{"line":8,"column":null}},"3":{"start":{"line":18,"column":12},"end":{"line":18,"column":null}},"4":{"start":{"line":19,"column":12},"end":{"line":19,"column":null}},"5":{"start":{"line":22,"column":8},"end":{"line":22,"column":null}},"6":{"start":{"line":24,"column":8},"end":{"line":26,"column":null}},"7":{"start":{"line":25,"column":12},"end":{"line":25,"column":null}},"8":{"start":{"line":29,"column":4},"end":{"line":29,"column":null}}},"fnMap":{"0":{"name":"SmoothScroll","decl":{"start":{"line":4,"column":24},"end":{"line":4,"column":37}},"loc":{"start":{"line":4,"column":51},"end":{"line":30,"column":null}},"line":4},"1":{"name":"(anonymous_1)","decl":{"start":{"line":5,"column":14},"end":{"line":5,"column":20}},"loc":{"start":{"line":5,"column":20},"end":{"line":27,"column":7}},"line":5},"2":{"name":"(anonymous_2)","decl":{"start":{"line":8,"column":20},"end":{"line":8,"column":21}},"loc":{"start":{"line":8,"column":27},"end":{"line":8,"column":null}},"line":8},"3":{"name":"raf","decl":{"start":{"line":17,"column":17},"end":{"line":17,"column":21}},"loc":{"start":{"line":17,"column":27},"end":{"line":20,"column":null}},"line":17},"4":{"name":"(anonymous_4)","decl":{"start":{"line":24,"column":15},"end":{"line":24,"column":21}},"loc":{"start":{"line":24,"column":21},"end":{"line":26,"column":null}},"line":24}},"branchMap":{},"s":{"0":4,"1":4,"2":0,"3":233,"4":233,"5":4,"6":4,"7":4,"8":4},"f":{"0":4,"1":4,"2":0,"3":233,"4":4},"b":{},"meta":{"lastBranch":0,"lastFunction":5,"lastStatement":9,"seen":{"f:4:24:4:37":0,"s:5:4:27:Infinity":0,"f:5:14:5:20":1,"s:6:22:15:Infinity":1,"f:8:20:8:21":2,"s:8:27:8:Infinity":2,"f:17:17:17:21":3,"s:18:12:18:Infinity":3,"s:19:12:19:Infinity":4,"s:22:8:22:Infinity":5,"s:24:8:26:Infinity":6,"f:24:15:24:21":4,"s:25:12:25:Infinity":7,"s:29:4:29:Infinity":8}}}
,"/Users/macbookair15/Desktop/Gastromap_antigravity_V2/v2_skeleton/src/features/admin/layout/AdminLayout.jsx": {"path":"/Users/macbookair15/Desktop/Gastromap_antigravity_V2/v2_skeleton/src/features/admin/layout/AdminLayout.jsx","statementMap":{"0":{"start":{"line":17,"column":10},"end":{"line":17,"column":null}},"1":{"start":{"line":18,"column":10},"end":{"line":18,"column":null}},"2":{"start":{"line":19,"column":10},"end":{"line":19,"column":null}},"3":{"start":{"line":19,"column":41},"end":{"line":19,"column":53}},"4":{"start":{"line":20,"column":31},"end":{"line":20,"column":null}},"5":{"start":{"line":22,"column":42},"end":{"line":22,"column":null}},"6":{"start":{"line":23,"column":38},"end":{"line":23,"column":null}},"7":{"start":{"line":25,"column":4},"end":{"line":27,"column":null}},"8":{"start":{"line":26,"column":8},"end":{"line":26,"column":null}},"9":{"start":{"line":29,"column":21},"end":{"line":36,"column":null}},"10":{"start":{"line":38,"column":25},"end":{"line":41,"column":null}},"11":{"start":{"line":39,"column":8},"end":{"line":39,"column":null}},"12":{"start":{"line":40,"column":8},"end":{"line":40,"column":null}},"13":{"start":{"line":43,"column":27},"end":{"line":119,"column":null}},"14":{"start":{"line":44,"column":8},"end":{"line":119,"column":null}},"15":{"start":{"line":70,"column":37},"end":{"line":70,"column":null}},"16":{"start":{"line":71,"column":20},"end":{"line":88,"column":null}},"17":{"start":{"line":122,"column":4},"end":{"line":203,"column":null}},"18":{"start":{"line":132,"column":35},"end":{"line":132,"column":null}},"19":{"start":{"line":143,"column":123},"end":{"line":143,"column":148}},"20":{"start":{"line":147,"column":55},"end":{"line":147,"column":80}},"21":{"start":{"line":158,"column":47},"end":{"line":158,"column":71}}},"fnMap":{"0":{"name":"AdminLayout","decl":{"start":{"line":16,"column":24},"end":{"line":16,"column":38}},"loc":{"start":{"line":16,"column":38},"end":{"line":205,"column":null}},"line":16},"1":{"name":"(anonymous_1)","decl":{"start":{"line":19,"column":32},"end":{"line":19,"column":41}},"loc":{"start":{"line":19,"column":41},"end":{"line":19,"column":53}},"line":19},"2":{"name":"(anonymous_2)","decl":{"start":{"line":25,"column":14},"end":{"line":25,"column":20}},"loc":{"start":{"line":25,"column":20},"end":{"line":27,"column":7}},"line":25},"3":{"name":"(anonymous_3)","decl":{"start":{"line":38,"column":25},"end":{"line":38,"column":31}},"loc":{"start":{"line":38,"column":31},"end":{"line":41,"column":null}},"line":38},"4":{"name":"(anonymous_4)","decl":{"start":{"line":43,"column":27},"end":{"line":43,"column":28}},"loc":{"start":{"line":44,"column":8},"end":{"line":119,"column":null}},"line":44},"5":{"name":"(anonymous_5)","decl":{"start":{"line":69,"column":30},"end":{"line":69,"column":38}},"loc":{"start":{"line":69,"column":38},"end":{"line":90,"column":17}},"line":69},"6":{"name":"(anonymous_6)","decl":{"start":{"line":132,"column":29},"end":{"line":132,"column":35}},"loc":{"start":{"line":132,"column":35},"end":{"line":132,"column":null}},"line":132},"7":{"name":"(anonymous_7)","decl":{"start":{"line":143,"column":117},"end":{"line":143,"column":123}},"loc":{"start":{"line":143,"column":123},"end":{"line":143,"column":148}},"line":143},"8":{"name":"(anonymous_8)","decl":{"start":{"line":147,"column":49},"end":{"line":147,"column":55}},"loc":{"start":{"line":147,"column":55},"end":{"line":147,"column":80}},"line":147},"9":{"name":"(anonymous_9)","decl":{"start":{"line":158,"column":41},"end":{"line":158,"column":47}},"loc":{"start":{"line":158,"column":47},"end":{"line":158,"column":71}},"line":158}},"branchMap":{"0":{"loc":{"start":{"line":43,"column":30},"end":{"line":43,"column":48}},"type":"default-arg","locations":[{"start":{"line":43,"column":42},"end":{"line":43,"column":48}}],"line":43},"1":{"loc":{"start":{"line":51,"column":16},"end":{"line":51,"column":null}},"type":"cond-expr","locations":[{"start":{"line":51,"column":28},"end":{"line":51,"column":47}},{"start":{"line":51,"column":47},"end":{"line":51,"column":null}}],"line":51},"2":{"loc":{"start":{"line":56,"column":17},"end":{"line":60,"column":null}},"type":"binary-expr","locations":[{"start":{"line":56,"column":17},"end":{"line":56,"column":null}},{"start":{"line":57,"column":20},"end":{"line":60,"column":null}}],"line":56},"3":{"loc":{"start":{"line":67,"column":16},"end":{"line":67,"column":null}},"type":"binary-expr","locations":[{"start":{"line":67,"column":16},"end":{"line":67,"column":29}},{"start":{"line":67,"column":29},"end":{"line":67,"column":null}}],"line":67},"4":{"loc":{"start":{"line":70,"column":37},"end":{"line":70,"column":null}},"type":"binary-expr","locations":[{"start":{"line":70,"column":37},"end":{"line":70,"column":73}},{"start":{"line":70,"column":73},"end":{"line":70,"column":99}},{"start":{"line":70,"column":99},"end":{"line":70,"column":null}}],"line":70},"5":{"loc":{"start":{"line":75,"column":32},"end":{"line":77,"column":null}},"type":"cond-expr","locations":[{"start":{"line":76,"column":38},"end":{"line":76,"column":null}},{"start":{"line":77,"column":38},"end":{"line":77,"column":null}}],"line":75},"6":{"loc":{"start":{"line":81,"column":36},"end":{"line":81,"column":null}},"type":"cond-expr","locations":[{"start":{"line":81,"column":47},"end":{"line":81,"column":88}},{"start":{"line":81,"column":88},"end":{"line":81,"column":null}}],"line":81},"7":{"loc":{"start":{"line":83,"column":33},"end":{"line":83,"column":null}},"type":"binary-expr","locations":[{"start":{"line":83,"column":33},"end":{"line":83,"column":47}},{"start":{"line":83,"column":47},"end":{"line":83,"column":null}}],"line":83},"8":{"loc":{"start":{"line":84,"column":33},"end":{"line":85,"column":null}},"type":"binary-expr","locations":[{"start":{"line":84,"column":33},"end":{"line":84,"column":46}},{"start":{"line":84,"column":46},"end":{"line":84,"column":null}},{"start":{"line":85,"column":36},"end":{"line":85,"column":null}}],"line":84},"9":{"loc":{"start":{"line":100,"column":24},"end":{"line":100,"column":null}},"type":"binary-expr","locations":[{"start":{"line":100,"column":24},"end":{"line":100,"column":37}},{"start":{"line":100,"column":37},"end":{"line":100,"column":null}}],"line":100},"10":{"loc":{"start":{"line":103,"column":21},"end":{"line":103,"column":null}},"type":"cond-expr","locations":[{"start":{"line":103,"column":40},"end":{"line":103,"column":88}},{"start":{"line":103,"column":88},"end":{"line":103,"column":null}}],"line":103},"11":{"loc":{"start":{"line":104,"column":21},"end":{"line":104,"column":null}},"type":"binary-expr","locations":[{"start":{"line":104,"column":21},"end":{"line":104,"column":35}},{"start":{"line":104,"column":35},"end":{"line":104,"column":null}}],"line":104},"12":{"loc":{"start":{"line":104,"column":42},"end":{"line":104,"column":82}},"type":"cond-expr","locations":[{"start":{"line":104,"column":61},"end":{"line":104,"column":73}},{"start":{"line":104,"column":73},"end":{"line":104,"column":82}}],"line":104},"13":{"loc":{"start":{"line":112,"column":24},"end":{"line":112,"column":null}},"type":"binary-expr","locations":[{"start":{"line":112,"column":24},"end":{"line":112,"column":37}},{"start":{"line":112,"column":37},"end":{"line":112,"column":null}}],"line":112},"14":{"loc":{"start":{"line":116,"column":21},"end":{"line":116,"column":null}},"type":"binary-expr","locations":[{"start":{"line":116,"column":21},"end":{"line":116,"column":35}},{"start":{"line":116,"column":35},"end":{"line":116,"column":null}}],"line":116},"15":{"loc":{"start":{"line":126,"column":34},"end":{"line":126,"column":57}},"type":"cond-expr","locations":[{"start":{"line":126,"column":48},"end":{"line":126,"column":53}},{"start":{"line":126,"column":53},"end":{"line":126,"column":57}}],"line":126},"16":{"loc":{"start":{"line":135,"column":21},"end":{"line":135,"column":null}},"type":"cond-expr","locations":[{"start":{"line":135,"column":35},"end":{"line":135,"column":64}},{"start":{"line":135,"column":64},"end":{"line":135,"column":null}}],"line":135},"17":{"loc":{"start":{"line":141,"column":17},"end":{"line":150,"column":null}},"type":"binary-expr","locations":[{"start":{"line":141,"column":17},"end":{"line":141,"column":null}},{"start":{"line":142,"column":20},"end":{"line":150,"column":null}}],"line":141}},"s":{"0":6,"1":6,"2":6,"3":8,"4":6,"5":6,"6":6,"7":6,"8":4,"9":6,"10":6,"11":0,"12":0,"13":6,"14":6,"15":36,"16":36,"17":6,"18":0,"19":0,"20":0,"21":1},"f":{"0":6,"1":8,"2":4,"3":0,"4":6,"5":36,"6":0,"7":0,"8":0,"9":1},"b":{"0":[6],"1":[0,6],"2":[6,6],"3":[6,0],"4":[36,35,30],"5":[1,35],"6":[1,35],"7":[36,36],"8":[36,0,0],"9":[6,0],"10":[0,6],"11":[6,6],"12":[0,6],"13":[6,0],"14":[6,6],"15":[0,6],"16":[0,6],"17":[6,2]},"meta":{"lastBranch":18,"lastFunction":10,"lastStatement":22,"seen":{"f:16:24:16:38":0,"s:17:10:17:Infinity":0,"s:18:10:18:Infinity":1,"s:19:10:19:Infinity":2,"f:19:32:19:41":1,"s:19:41:19:53":3,"s:20:31:20:Infinity":4,"s:22:42:22:Infinity":5,"s:23:38:23:Infinity":6,"s:25:4:27:Infinity":7,"f:25:14:25:20":2,"s:26:8:26:Infinity":8,"s:29:21:36:Infinity":9,"s:38:25:41:Infinity":10,"f:38:25:38:31":3,"s:39:8:39:Infinity":11,"s:40:8:40:Infinity":12,"s:43:27:119:Infinity":13,"f:43:27:43:28":4,"s:44:8:119:Infinity":14,"b:43:42:43:48":0,"b:51:28:51:47:51:47:51:Infinity":1,"b:56:17:56:Infinity:57:20:60:Infinity":2,"b:67:16:67:29:67:29:67:Infinity":3,"f:69:30:69:38":5,"s:70:37:70:Infinity":15,"b:70:37:70:73:70:73:70:99:70:99:70:Infinity":4,"s:71:20:88:Infinity":16,"b:76:38:76:Infinity:77:38:77:Infinity":5,"b:81:47:81:88:81:88:81:Infinity":6,"b:83:33:83:47:83:47:83:Infinity":7,"b:84:33:84:46:84:46:84:Infinity:85:36:85:Infinity":8,"b:100:24:100:37:100:37:100:Infinity":9,"b:103:40:103:88:103:88:103:Infinity":10,"b:104:21:104:35:104:35:104:Infinity":11,"b:104:61:104:73:104:73:104:82":12,"b:112:24:112:37:112:37:112:Infinity":13,"b:116:21:116:35:116:35:116:Infinity":14,"s:122:4:203:Infinity":17,"b:126:48:126:53:126:53:126:57":15,"f:132:29:132:35":6,"s:132:35:132:Infinity":18,"b:135:35:135:64:135:64:135:Infinity":16,"b:141:17:141:Infinity:142:20:150:Infinity":17,"f:143:117:143:123":7,"s:143:123:143:148":19,"f:147:49:147:55":8,"s:147:55:147:80":20,"f:158:41:158:47":9,"s:158:47:158:71":21}}}
,"/Users/macbookair15/Desktop/Gastromap_antigravity_V2/v2_skeleton/src/features/admin/pages/AdminAIPage.jsx": {"path":"/Users/macbookair15/Desktop/Gastromap_antigravity_V2/v2_skeleton/src/features/admin/pages/AdminAIPage.jsx","statementMap":{"0":{"start":{"line":9,"column":18},"end":{"line":46,"column":null}},"1":{"start":{"line":10,"column":4},"end":{"line":46,"column":null}},"2":{"start":{"line":49,"column":20},"end":{"line":171,"column":null}},"3":{"start":{"line":50,"column":34},"end":{"line":50,"column":null}},"4":{"start":{"line":51,"column":42},"end":{"line":51,"column":null}},"5":{"start":{"line":53,"column":4},"end":{"line":169,"column":null}},"6":{"start":{"line":108,"column":53},"end":{"line":108,"column":null}},"7":{"start":{"line":126,"column":53},"end":{"line":126,"column":null}}},"fnMap":{"0":{"name":"(anonymous_0)","decl":{"start":{"line":9,"column":18},"end":{"line":9,"column":19}},"loc":{"start":{"line":10,"column":4},"end":{"line":46,"column":null}},"line":10},"1":{"name":"(anonymous_1)","decl":{"start":{"line":49,"column":20},"end":{"line":49,"column":26}},"loc":{"start":{"line":49,"column":26},"end":{"line":171,"column":null}},"line":49},"2":{"name":"(anonymous_2)","decl":{"start":{"line":108,"column":46},"end":{"line":108,"column":47}},"loc":{"start":{"line":108,"column":53},"end":{"line":108,"column":null}},"line":108},"3":{"name":"(anonymous_3)","decl":{"start":{"line":126,"column":46},"end":{"line":126,"column":47}},"loc":{"start":{"line":126,"column":53},"end":{"line":126,"column":null}},"line":126}},"branchMap":{"0":{"loc":{"start":{"line":19,"column":20},"end":{"line":19,"column":null}},"type":"cond-expr","locations":[{"start":{"line":19,"column":31},"end":{"line":19,"column":103}},{"start":{"line":19,"column":103},"end":{"line":19,"column":null}}],"line":19},"1":{"loc":{"start":{"line":21,"column":81},"end":{"line":21,"column":137}},"type":"cond-expr","locations":[{"start":{"line":21,"column":92},"end":{"line":21,"column":123}},{"start":{"line":21,"column":123},"end":{"line":21,"column":137}}],"line":21},"2":{"loc":{"start":{"line":22,"column":21},"end":{"line":22,"column":null}},"type":"cond-expr","locations":[{"start":{"line":22,"column":32},"end":{"line":22,"column":43}},{"start":{"line":22,"column":43},"end":{"line":22,"column":null}}],"line":22},"3":{"loc":{"start":{"line":36,"column":20},"end":{"line":36,"column":null}},"type":"cond-expr","locations":[{"start":{"line":36,"column":31},"end":{"line":36,"column":97}},{"start":{"line":36,"column":97},"end":{"line":36,"column":null}}],"line":36},"4":{"loc":{"start":{"line":38,"column":21},"end":{"line":38,"column":null}},"type":"cond-expr","locations":[{"start":{"line":38,"column":32},"end":{"line":38,"column":54}},{"start":{"line":38,"column":54},"end":{"line":38,"column":null}}],"line":38},"5":{"loc":{"start":{"line":39,"column":21},"end":{"line":39,"column":null}},"type":"cond-expr","locations":[{"start":{"line":39,"column":32},"end":{"line":39,"column":41}},{"start":{"line":39,"column":41},"end":{"line":39,"column":null}}],"line":39}},"s":{"0":4,"1":8,"2":4,"3":4,"4":4,"5":4,"6":0,"7":0},"f":{"0":8,"1":4,"2":0,"3":0},"b":{"0":[8,0],"1":[8,0],"2":[8,0],"3":[8,0],"4":[8,0],"5":[8,0]},"meta":{"lastBranch":6,"lastFunction":4,"lastStatement":8,"seen":{"s:9:18:46:Infinity":0,"f:9:18:9:19":0,"s:10:4:46:Infinity":1,"b:19:31:19:103:19:103:19:Infinity":0,"b:21:92:21:123:21:123:21:137":1,"b:22:32:22:43:22:43:22:Infinity":2,"b:36:31:36:97:36:97:36:Infinity":3,"b:38:32:38:54:38:54:38:Infinity":4,"b:39:32:39:41:39:41:39:Infinity":5,"s:49:20:171:Infinity":2,"f:49:20:49:26":1,"s:50:34:50:Infinity":3,"s:51:42:51:Infinity":4,"s:53:4:169:Infinity":5,"f:108:46:108:47":2,"s:108:53:108:Infinity":6,"f:126:46:126:47":3,"s:126:53:126:Infinity":7}}}
,"/Users/macbookair15/Desktop/Gastromap_antigravity_V2/v2_skeleton/src/features/admin/pages/AdminDashboardPage.jsx": {"path":"/Users/macbookair15/Desktop/Gastromap_antigravity_V2/v2_skeleton/src/features/admin/pages/AdminDashboardPage.jsx","statementMap":{"0":{"start":{"line":10,"column":17},"end":{"line":44,"column":null}},"1":{"start":{"line":11,"column":4},"end":{"line":42,"column":null}},"2":{"start":{"line":46,"column":27},"end":{"line":189,"column":null}},"3":{"start":{"line":47,"column":18},"end":{"line":52,"column":null}},"4":{"start":{"line":54,"column":29},"end":{"line":59,"column":null}},"5":{"start":{"line":61,"column":4},"end":{"line":187,"column":null}},"6":{"start":{"line":86,"column":20},"end":{"line":86,"column":null}},"7":{"start":{"line":110,"column":28},"end":{"line":138,"column":null}}},"fnMap":{"0":{"name":"(anonymous_0)","decl":{"start":{"line":10,"column":17},"end":{"line":10,"column":18}},"loc":{"start":{"line":10,"column":85},"end":{"line":44,"column":null}},"line":10},"1":{"name":"(anonymous_1)","decl":{"start":{"line":46,"column":27},"end":{"line":46,"column":33}},"loc":{"start":{"line":46,"column":33},"end":{"line":189,"column":null}},"line":46},"2":{"name":"(anonymous_2)","decl":{"start":{"line":85,"column":27},"end":{"line":85,"column":28}},"loc":{"start":{"line":86,"column":20},"end":{"line":86,"column":null}},"line":86},"3":{"name":"(anonymous_3)","decl":{"start":{"line":109,"column":46},"end":{"line":109,"column":47}},"loc":{"start":{"line":110,"column":28},"end":{"line":138,"column":null}},"line":110}},"branchMap":{"0":{"loc":{"start":{"line":26,"column":20},"end":{"line":26,"column":null}},"type":"cond-expr","locations":[{"start":{"line":26,"column":33},"end":{"line":26,"column":84}},{"start":{"line":26,"column":84},"end":{"line":26,"column":null}}],"line":26},"1":{"loc":{"start":{"line":28,"column":21},"end":{"line":28,"column":null}},"type":"cond-expr","locations":[{"start":{"line":28,"column":34},"end":{"line":28,"column":61}},{"start":{"line":28,"column":61},"end":{"line":28,"column":null}}],"line":28},"2":{"loc":{"start":{"line":122,"column":41},"end":{"line":123,"column":null}},"type":"binary-expr","locations":[{"start":{"line":122,"column":41},"end":{"line":122,"column":null}},{"start":{"line":123,"column":44},"end":{"line":123,"column":null}}],"line":122}},"s":{"0":4,"1":20,"2":4,"3":5,"4":5,"5":5,"6":20,"7":20},"f":{"0":20,"1":5,"2":20,"3":20},"b":{"0":[15,5],"1":[15,5],"2":[20,5]},"meta":{"lastBranch":3,"lastFunction":4,"lastStatement":8,"seen":{"s:10:17:44:Infinity":0,"f:10:17:10:18":0,"s:11:4:42:Infinity":1,"b:26:33:26:84:26:84:26:Infinity":0,"b:28:34:28:61:28:61:28:Infinity":1,"s:46:27:189:Infinity":2,"f:46:27:46:33":1,"s:47:18:52:Infinity":3,"s:54:29:59:Infinity":4,"s:61:4:187:Infinity":5,"f:85:27:85:28":2,"s:86:20:86:Infinity":6,"f:109:46:109:47":3,"s:110:28:138:Infinity":7,"b:122:41:122:Infinity:123:44:123:Infinity":2}}}
,"/Users/macbookair15/Desktop/Gastromap_antigravity_V2/v2_skeleton/src/features/admin/pages/AdminLocationsPage.jsx": {"path":"/Users/macbookair15/Desktop/Gastromap_antigravity_V2/v2_skeleton/src/features/admin/pages/AdminLocationsPage.jsx","statementMap":{"0":{"start":{"line":12,"column":27},"end":{"line":236,"column":null}},"1":{"start":{"line":13,"column":24},"end":{"line":13,"column":null}},"2":{"start":{"line":14,"column":38},"end":{"line":14,"column":null}},"3":{"start":{"line":15,"column":48},"end":{"line":15,"column":null}},"4":{"start":{"line":16,"column":46},"end":{"line":16,"column":null}},"5":{"start":{"line":18,"column":42},"end":{"line":23,"column":null}},"6":{"start":{"line":25,"column":18},"end":{"line":29,"column":null}},"7":{"start":{"line":31,"column":26},"end":{"line":31,"column":null}},"8":{"start":{"line":31,"column":34},"end":{"line":31,"column":null}},"9":{"start":{"line":31,"column":59},"end":{"line":31,"column":118}},"10":{"start":{"line":31,"column":73},"end":{"line":31,"column":117}},"11":{"start":{"line":33,"column":27},"end":{"line":92,"column":null}},"12":{"start":{"line":34,"column":8},"end":{"line":92,"column":null}},"13":{"start":{"line":47,"column":24},"end":{"line":88,"column":null}},"14":{"start":{"line":47,"column":58},"end":{"line":47,"column":84}},"15":{"start":{"line":47,"column":84},"end":{"line":47,"column":110}},"16":{"start":{"line":95,"column":4},"end":{"line":234,"column":null}},"17":{"start":{"line":112,"column":20},"end":{"line":120,"column":null}},"18":{"start":{"line":133,"column":28},"end":{"line":139,"column":null}},"19":{"start":{"line":133,"column":64},"end":{"line":133,"column":81}},"20":{"start":{"line":155,"column":63},"end":{"line":155,"column":85}},"21":{"start":{"line":156,"column":40},"end":{"line":168,"column":null}},"22":{"start":{"line":165,"column":71},"end":{"line":165,"column":94}},"23":{"start":{"line":181,"column":123},"end":{"line":181,"column":150}},"24":{"start":{"line":189,"column":55},"end":{"line":189,"column":82}},"25":{"start":{"line":228,"column":55},"end":{"line":228,"column":82}}},"fnMap":{"0":{"name":"(anonymous_0)","decl":{"start":{"line":12,"column":27},"end":{"line":12,"column":33}},"loc":{"start":{"line":12,"column":33},"end":{"line":236,"column":null}},"line":12},"1":{"name":"(anonymous_1)","decl":{"start":{"line":31,"column":26},"end":{"line":31,"column":27}},"loc":{"start":{"line":31,"column":34},"end":{"line":31,"column":null}},"line":31},"2":{"name":"(anonymous_2)","decl":{"start":{"line":31,"column":51},"end":{"line":31,"column":59}},"loc":{"start":{"line":31,"column":59},"end":{"line":31,"column":118}},"line":31},"3":{"name":"(anonymous_3)","decl":{"start":{"line":31,"column":68},"end":{"line":31,"column":73}},"loc":{"start":{"line":31,"column":73},"end":{"line":31,"column":117}},"line":31},"4":{"name":"(anonymous_4)","decl":{"start":{"line":33,"column":27},"end":{"line":33,"column":28}},"loc":{"start":{"line":34,"column":8},"end":{"line":92,"column":null}},"line":34},"5":{"name":"(anonymous_5)","decl":{"start":{"line":46,"column":34},"end":{"line":46,"column":35}},"loc":{"start":{"line":47,"column":24},"end":{"line":88,"column":null}},"line":47},"6":{"name":"(anonymous_6)","decl":{"start":{"line":47,"column":50},"end":{"line":47,"column":56}},"loc":{"start":{"line":47,"column":56},"end":{"line":47,"column":113}},"line":47},"7":{"name":"(anonymous_7)","decl":{"start":{"line":111,"column":27},"end":{"line":111,"column":28}},"loc":{"start":{"line":112,"column":20},"end":{"line":120,"column":null}},"line":112},"8":{"name":"(anonymous_8)","decl":{"start":{"line":132,"column":30},"end":{"line":132,"column":null}},"loc":{"start":{"line":133,"column":28},"end":{"line":139,"column":null}},"line":133},"9":{"name":"(anonymous_9)","decl":{"start":{"line":133,"column":58},"end":{"line":133,"column":64}},"loc":{"start":{"line":133,"column":64},"end":{"line":133,"column":81}},"line":133},"10":{"name":"(anonymous_10)","decl":{"start":{"line":155,"column":58},"end":{"line":155,"column":63}},"loc":{"start":{"line":155,"column":63},"end":{"line":155,"column":85}},"line":155},"11":{"name":"(anonymous_11)","decl":{"start":{"line":155,"column":91},"end":{"line":155,"column":null}},"loc":{"start":{"line":156,"column":40},"end":{"line":168,"column":null}},"line":156},"12":{"name":"(anonymous_12)","decl":{"start":{"line":165,"column":65},"end":{"line":165,"column":71}},"loc":{"start":{"line":165,"column":71},"end":{"line":165,"column":94}},"line":165},"13":{"name":"(anonymous_13)","decl":{"start":{"line":181,"column":117},"end":{"line":181,"column":123}},"loc":{"start":{"line":181,"column":123},"end":{"line":181,"column":150}},"line":181},"14":{"name":"(anonymous_14)","decl":{"start":{"line":189,"column":49},"end":{"line":189,"column":55}},"loc":{"start":{"line":189,"column":55},"end":{"line":189,"column":82}},"line":189},"15":{"name":"(anonymous_15)","decl":{"start":{"line":228,"column":49},"end":{"line":228,"column":55}},"loc":{"start":{"line":228,"column":55},"end":{"line":228,"column":82}},"line":228}},"branchMap":{"0":{"loc":{"start":{"line":31,"column":73},"end":{"line":31,"column":117}},"type":"cond-expr","locations":[{"start":{"line":31,"column":87},"end":{"line":31,"column":116}},{"start":{"line":31,"column":116},"end":{"line":31,"column":117}}],"line":31},"1":{"loc":{"start":{"line":69,"column":82},"end":{"line":69,"column":155}},"type":"cond-expr","locations":[{"start":{"line":69,"column":99},"end":{"line":69,"column":119}},{"start":{"line":69,"column":119},"end":{"line":69,"column":155}}],"line":69},"2":{"loc":{"start":{"line":70,"column":77},"end":{"line":70,"column":111}},"type":"cond-expr","locations":[{"start":{"line":70,"column":94},"end":{"line":70,"column":107}},{"start":{"line":70,"column":107},"end":{"line":70,"column":111}}],"line":70},"3":{"loc":{"start":{"line":76,"column":36},"end":{"line":77,"column":null}},"type":"cond-expr","locations":[{"start":{"line":76,"column":62},"end":{"line":76,"column":null}},{"start":{"line":77,"column":40},"end":{"line":77,"column":null}}],"line":76},"4":{"loc":{"start":{"line":77,"column":40},"end":{"line":77,"column":null}},"type":"cond-expr","locations":[{"start":{"line":77,"column":67},"end":{"line":77,"column":121}},{"start":{"line":77,"column":121},"end":{"line":77,"column":null}}],"line":77},"5":{"loc":{"start":{"line":79,"column":88},"end":{"line":79,"column":190}},"type":"cond-expr","locations":[{"start":{"line":79,"column":114},"end":{"line":79,"column":131}},{"start":{"line":79,"column":131},"end":{"line":79,"column":190}}],"line":79},"6":{"loc":{"start":{"line":79,"column":131},"end":{"line":79,"column":190}},"type":"cond-expr","locations":[{"start":{"line":79,"column":158},"end":{"line":79,"column":176}},{"start":{"line":79,"column":176},"end":{"line":79,"column":190}}],"line":79},"7":{"loc":{"start":{"line":135,"column":32},"end":{"line":135,"column":null}},"type":"cond-expr","locations":[{"start":{"line":135,"column":50},"end":{"line":135,"column":128}},{"start":{"line":135,"column":128},"end":{"line":135,"column":null}}],"line":135},"8":{"loc":{"start":{"line":138,"column":33},"end":{"line":138,"column":null}},"type":"binary-expr","locations":[{"start":{"line":138,"column":33},"end":{"line":138,"column":50}},{"start":{"line":138,"column":50},"end":{"line":138,"column":null}}],"line":138},"9":{"loc":{"start":{"line":152,"column":29},"end":{"line":152,"column":null}},"type":"binary-expr","locations":[{"start":{"line":152,"column":29},"end":{"line":152,"column":48}},{"start":{"line":152,"column":48},"end":{"line":152,"column":null}}],"line":152},"10":{"loc":{"start":{"line":153,"column":29},"end":{"line":170,"column":null}},"type":"binary-expr","locations":[{"start":{"line":153,"column":29},"end":{"line":153,"column":null}},{"start":{"line":154,"column":32},"end":{"line":170,"column":null}}],"line":153},"11":{"loc":{"start":{"line":172,"column":29},"end":{"line":172,"column":null}},"type":"binary-expr","locations":[{"start":{"line":172,"column":29},"end":{"line":172,"column":53}},{"start":{"line":172,"column":53},"end":{"line":172,"column":null}}],"line":172},"12":{"loc":{"start":{"line":179,"column":17},"end":{"line":231,"column":null}},"type":"binary-expr","locations":[{"start":{"line":179,"column":17},"end":{"line":179,"column":36}},{"start":{"line":179,"column":36},"end":{"line":179,"column":null}},{"start":{"line":180,"column":20},"end":{"line":231,"column":null}}],"line":179},"13":{"loc":{"start":{"line":207,"column":81},"end":{"line":207,"column":114}},"type":"binary-expr","locations":[{"start":{"line":207,"column":81},"end":{"line":207,"column":108}},{"start":{"line":207,"column":108},"end":{"line":207,"column":114}}],"line":207}},"s":{"0":4,"1":7,"2":7,"3":7,"4":7,"5":7,"6":7,"7":7,"8":0,"9":0,"10":0,"11":7,"12":6,"13":24,"14":1,"15":1,"16":7,"17":21,"18":21,"19":1,"20":4,"21":1,"22":0,"23":0,"24":1,"25":0},"f":{"0":7,"1":0,"2":0,"3":0,"4":6,"5":24,"6":1,"7":21,"8":21,"9":1,"10":4,"11":1,"12":0,"13":0,"14":1,"15":0},"b":{"0":[0,0],"1":[18,6],"2":[18,6],"3":[12,12],"4":[6,6],"5":[12,12],"6":[6,6],"7":[7,14],"8":[21,7],"9":[7,6],"10":[7,1],"11":[7,0],"12":[7,1,1],"13":[1,0]},"meta":{"lastBranch":14,"lastFunction":16,"lastStatement":26,"seen":{"s:12:27:236:Infinity":0,"f:12:27:12:33":0,"s:13:24:13:Infinity":1,"s:14:38:14:Infinity":2,"s:15:48:15:Infinity":3,"s:16:46:16:Infinity":4,"s:18:42:23:Infinity":5,"s:25:18:29:Infinity":6,"s:31:26:31:Infinity":7,"f:31:26:31:27":1,"s:31:34:31:Infinity":8,"f:31:51:31:59":2,"s:31:59:31:118":9,"f:31:68:31:73":3,"s:31:73:31:117":10,"b:31:87:31:116:31:116:31:117":0,"s:33:27:92:Infinity":11,"f:33:27:33:28":4,"s:34:8:92:Infinity":12,"f:46:34:46:35":5,"s:47:24:88:Infinity":13,"f:47:50:47:56":6,"s:47:58:47:84":14,"s:47:84:47:110":15,"b:69:99:69:119:69:119:69:155":1,"b:70:94:70:107:70:107:70:111":2,"b:76:62:76:Infinity:77:40:77:Infinity":3,"b:77:67:77:121:77:121:77:Infinity":4,"b:79:114:79:131:79:131:79:190":5,"b:79:158:79:176:79:176:79:190":6,"s:95:4:234:Infinity":16,"f:111:27:111:28":7,"s:112:20:120:Infinity":17,"f:132:30:132:Infinity":8,"s:133:28:139:Infinity":18,"f:133:58:133:64":9,"s:133:64:133:81":19,"b:135:50:135:128:135:128:135:Infinity":7,"b:138:33:138:50:138:50:138:Infinity":8,"b:152:29:152:48:152:48:152:Infinity":9,"b:153:29:153:Infinity:154:32:170:Infinity":10,"f:155:58:155:63":10,"s:155:63:155:85":20,"f:155:91:155:Infinity":11,"s:156:40:168:Infinity":21,"f:165:65:165:71":12,"s:165:71:165:94":22,"b:172:29:172:53:172:53:172:Infinity":11,"b:179:17:179:36:179:36:179:Infinity:180:20:231:Infinity":12,"f:181:117:181:123":13,"s:181:123:181:150":23,"f:189:49:189:55":14,"s:189:55:189:82":24,"b:207:81:207:108:207:108:207:114":13,"f:228:49:228:55":15,"s:228:55:228:82":25}}}
,"/Users/macbookair15/Desktop/Gastromap_antigravity_V2/v2_skeleton/src/features/admin/pages/AdminStatsPage.jsx": {"path":"/Users/macbookair15/Desktop/Gastromap_antigravity_V2/v2_skeleton/src/features/admin/pages/AdminStatsPage.jsx","statementMap":{"0":{"start":{"line":10,"column":23},"end":{"line":192,"column":null}},"1":{"start":{"line":11,"column":22},"end":{"line":16,"column":null}},"2":{"start":{"line":18,"column":25},"end":{"line":23,"column":null}},"3":{"start":{"line":25,"column":4},"end":{"line":190,"column":null}},"4":{"start":{"line":48,"column":20},"end":{"line":80,"column":null}},"5":{"start":{"line":96,"column":28},"end":{"line":109,"column":null}},"6":{"start":{"line":171,"column":32},"end":{"line":184,"column":null}}},"fnMap":{"0":{"name":"(anonymous_0)","decl":{"start":{"line":10,"column":23},"end":{"line":10,"column":29}},"loc":{"start":{"line":10,"column":29},"end":{"line":192,"column":null}},"line":10},"1":{"name":"(anonymous_1)","decl":{"start":{"line":47,"column":31},"end":{"line":47,"column":32}},"loc":{"start":{"line":48,"column":20},"end":{"line":80,"column":null}},"line":48},"2":{"name":"(anonymous_2)","decl":{"start":{"line":95,"column":42},"end":{"line":95,"column":43}},"loc":{"start":{"line":96,"column":28},"end":{"line":109,"column":null}},"line":96},"3":{"name":"(anonymous_3)","decl":{"start":{"line":170,"column":34},"end":{"line":170,"column":35}},"loc":{"start":{"line":171,"column":32},"end":{"line":184,"column":null}},"line":171}},"branchMap":{"0":{"loc":{"start":{"line":69,"column":32},"end":{"line":69,"column":null}},"type":"cond-expr","locations":[{"start":{"line":69,"column":50},"end":{"line":69,"column":102}},{"start":{"line":69,"column":102},"end":{"line":69,"column":null}}],"line":69},"1":{"loc":{"start":{"line":71,"column":33},"end":{"line":71,"column":null}},"type":"cond-expr","locations":[{"start":{"line":71,"column":51},"end":{"line":71,"column":80}},{"start":{"line":71,"column":80},"end":{"line":71,"column":null}}],"line":71},"2":{"loc":{"start":{"line":178,"column":44},"end":{"line":178,"column":null}},"type":"cond-expr","locations":[{"start":{"line":178,"column":70},"end":{"line":178,"column":141}},{"start":{"line":178,"column":141},"end":{"line":178,"column":null}}],"line":178},"3":{"loc":{"start":{"line":180,"column":91},"end":{"line":180,"column":146}},"type":"cond-expr","locations":[{"start":{"line":180,"column":117},"end":{"line":180,"column":134}},{"start":{"line":180,"column":134},"end":{"line":180,"column":146}}],"line":180},"4":{"loc":{"start":{"line":181,"column":45},"end":{"line":181,"column":null}},"type":"cond-expr","locations":[{"start":{"line":181,"column":71},"end":{"line":181,"column":82}},{"start":{"line":181,"column":82},"end":{"line":181,"column":null}}],"line":181}},"s":{"0":4,"1":4,"2":4,"3":4,"4":16,"5":16,"6":8},"f":{"0":4,"1":16,"2":16,"3":8},"b":{"0":[12,4],"1":[12,4],"2":[8,0],"3":[8,0],"4":[8,0]},"meta":{"lastBranch":5,"lastFunction":4,"lastStatement":7,"seen":{"s:10:23:192:Infinity":0,"f:10:23:10:29":0,"s:11:22:16:Infinity":1,"s:18:25:23:Infinity":2,"s:25:4:190:Infinity":3,"f:47:31:47:32":1,"s:48:20:80:Infinity":4,"b:69:50:69:102:69:102:69:Infinity":0,"b:71:51:71:80:71:80:71:Infinity":1,"f:95:42:95:43":2,"s:96:28:109:Infinity":5,"f:170:34:170:35":3,"s:171:32:184:Infinity":6,"b:178:70:178:141:178:141:178:Infinity":2,"b:180:117:180:134:180:134:180:146":3,"b:181:71:181:82:181:82:181:Infinity":4}}}
,"/Users/macbookair15/Desktop/Gastromap_antigravity_V2/v2_skeleton/src/features/admin/pages/AdminSubscriptionsPage.jsx": {"path":"/Users/macbookair15/Desktop/Gastromap_antigravity_V2/v2_skeleton/src/features/admin/pages/AdminSubscriptionsPage.jsx","statementMap":{"0":{"start":{"line":11,"column":31},"end":{"line":120,"column":null}},"1":{"start":{"line":12,"column":18},"end":{"line":16,"column":null}},"2":{"start":{"line":18,"column":25},"end":{"line":22,"column":null}},"3":{"start":{"line":24,"column":4},"end":{"line":118,"column":null}},"4":{"start":{"line":40,"column":20},"end":{"line":66,"column":null}},"5":{"start":{"line":96,"column":32},"end":{"line":112,"column":null}}},"fnMap":{"0":{"name":"(anonymous_0)","decl":{"start":{"line":11,"column":31},"end":{"line":11,"column":37}},"loc":{"start":{"line":11,"column":37},"end":{"line":120,"column":null}},"line":11},"1":{"name":"(anonymous_1)","decl":{"start":{"line":39,"column":27},"end":{"line":39,"column":28}},"loc":{"start":{"line":40,"column":20},"end":{"line":66,"column":null}},"line":40},"2":{"name":"(anonymous_2)","decl":{"start":{"line":95,"column":46},"end":{"line":95,"column":47}},"loc":{"start":{"line":96,"column":32},"end":{"line":112,"column":null}},"line":96}},"branchMap":{"0":{"loc":{"start":{"line":47,"column":28},"end":{"line":47,"column":null}},"type":"cond-expr","locations":[{"start":{"line":47,"column":43},"end":{"line":47,"column":94}},{"start":{"line":47,"column":94},"end":{"line":47,"column":null}}],"line":47},"1":{"loc":{"start":{"line":50,"column":25},"end":{"line":51,"column":null}},"type":"binary-expr","locations":[{"start":{"line":50,"column":25},"end":{"line":50,"column":null}},{"start":{"line":51,"column":28},"end":{"line":51,"column":null}}],"line":50},"2":{"loc":{"start":{"line":106,"column":44},"end":{"line":106,"column":null}},"type":"cond-expr","locations":[{"start":{"line":106,"column":70},"end":{"line":106,"column":127}},{"start":{"line":106,"column":127},"end":{"line":106,"column":null}}],"line":106},"3":{"loc":{"start":{"line":108,"column":96},"end":{"line":108,"column":154}},"type":"cond-expr","locations":[{"start":{"line":108,"column":122},"end":{"line":108,"column":139}},{"start":{"line":108,"column":139},"end":{"line":108,"column":154}}],"line":108}},"s":{"0":4,"1":2,"2":2,"3":2,"4":6,"5":6},"f":{"0":2,"1":6,"2":6},"b":{"0":[2,4],"1":[6,2],"2":[4,2],"3":[4,2]},"meta":{"lastBranch":4,"lastFunction":3,"lastStatement":6,"seen":{"s:11:31:120:Infinity":0,"f:11:31:11:37":0,"s:12:18:16:Infinity":1,"s:18:25:22:Infinity":2,"s:24:4:118:Infinity":3,"f:39:27:39:28":1,"s:40:20:66:Infinity":4,"b:47:43:47:94:47:94:47:Infinity":0,"b:50:25:50:Infinity:51:28:51:Infinity":1,"f:95:46:95:47":2,"s:96:32:112:Infinity":5,"b:106:70:106:127:106:127:106:Infinity":2,"b:108:122:108:139:108:139:108:154":3}}}
,"/Users/macbookair15/Desktop/Gastromap_antigravity_V2/v2_skeleton/src/features/admin/pages/AdminUsersPage.jsx": {"path":"/Users/macbookair15/Desktop/Gastromap_antigravity_V2/v2_skeleton/src/features/admin/pages/AdminUsersPage.jsx","statementMap":{"0":{"start":{"line":11,"column":23},"end":{"line":196,"column":null}},"1":{"start":{"line":12,"column":38},"end":{"line":12,"column":null}},"2":{"start":{"line":13,"column":40},"end":{"line":13,"column":null}},"3":{"start":{"line":14,"column":46},"end":{"line":14,"column":null}},"4":{"start":{"line":16,"column":22},"end":{"line":21,"column":null}},"5":{"start":{"line":23,"column":18},"end":{"line":27,"column":null}},"6":{"start":{"line":29,"column":4},"end":{"line":194,"column":null}},"7":{"start":{"line":46,"column":20},"end":{"line":54,"column":null}},"8":{"start":{"line":83,"column":32},"end":{"line":127,"column":null}},"9":{"start":{"line":83,"column":67},"end":{"line":83,"column":90}},"10":{"start":{"line":83,"column":90},"end":{"line":83,"column":116}},"11":{"start":{"line":138,"column":123},"end":{"line":138,"column":150}},"12":{"start":{"line":146,"column":55},"end":{"line":146,"column":82}},"13":{"start":{"line":188,"column":55},"end":{"line":188,"column":82}}},"fnMap":{"0":{"name":"(anonymous_0)","decl":{"start":{"line":11,"column":23},"end":{"line":11,"column":29}},"loc":{"start":{"line":11,"column":29},"end":{"line":196,"column":null}},"line":11},"1":{"name":"(anonymous_1)","decl":{"start":{"line":45,"column":27},"end":{"line":45,"column":28}},"loc":{"start":{"line":46,"column":20},"end":{"line":54,"column":null}},"line":46},"2":{"name":"(anonymous_2)","decl":{"start":{"line":82,"column":43},"end":{"line":82,"column":44}},"loc":{"start":{"line":83,"column":32},"end":{"line":127,"column":null}},"line":83},"3":{"name":"(anonymous_3)","decl":{"start":{"line":83,"column":59},"end":{"line":83,"column":65}},"loc":{"start":{"line":83,"column":65},"end":{"line":83,"column":119}},"line":83},"4":{"name":"(anonymous_4)","decl":{"start":{"line":138,"column":117},"end":{"line":138,"column":123}},"loc":{"start":{"line":138,"column":123},"end":{"line":138,"column":150}},"line":138},"5":{"name":"(anonymous_5)","decl":{"start":{"line":146,"column":49},"end":{"line":146,"column":55}},"loc":{"start":{"line":146,"column":55},"end":{"line":146,"column":82}},"line":146},"6":{"name":"(anonymous_6)","decl":{"start":{"line":188,"column":49},"end":{"line":188,"column":55}},"loc":{"start":{"line":188,"column":55},"end":{"line":188,"column":82}},"line":188}},"branchMap":{"0":{"loc":{"start":{"line":100,"column":44},"end":{"line":100,"column":null}},"type":"cond-expr","locations":[{"start":{"line":100,"column":70},"end":{"line":100,"column":90}},{"start":{"line":100,"column":90},"end":{"line":100,"column":null}}],"line":100},"1":{"loc":{"start":{"line":100,"column":90},"end":{"line":100,"column":null}},"type":"cond-expr","locations":[{"start":{"line":100,"column":118},"end":{"line":100,"column":138}},{"start":{"line":100,"column":138},"end":{"line":100,"column":null}}],"line":100},"2":{"loc":{"start":{"line":116,"column":44},"end":{"line":116,"column":null}},"type":"cond-expr","locations":[{"start":{"line":116,"column":71},"end":{"line":116,"column":122}},{"start":{"line":116,"column":122},"end":{"line":116,"column":null}}],"line":116},"3":{"loc":{"start":{"line":118,"column":96},"end":{"line":118,"column":152}},"type":"cond-expr","locations":[{"start":{"line":118,"column":123},"end":{"line":118,"column":140}},{"start":{"line":118,"column":140},"end":{"line":118,"column":152}}],"line":118},"4":{"loc":{"start":{"line":136,"column":17},"end":{"line":191,"column":null}},"type":"binary-expr","locations":[{"start":{"line":136,"column":17},"end":{"line":136,"column":36}},{"start":{"line":136,"column":36},"end":{"line":136,"column":null}},{"start":{"line":137,"column":20},"end":{"line":191,"column":null}}],"line":136}},"s":{"0":4,"1":4,"2":4,"3":4,"4":4,"5":4,"6":4,"7":12,"8":16,"9":1,"10":1,"11":0,"12":0,"13":0},"f":{"0":4,"1":12,"2":16,"3":1,"4":0,"5":0,"6":0},"b":{"0":[8,8],"1":[4,4],"2":[12,4],"3":[12,4],"4":[4,1,1]},"meta":{"lastBranch":5,"lastFunction":7,"lastStatement":14,"seen":{"s:11:23:196:Infinity":0,"f:11:23:11:29":0,"s:12:38:12:Infinity":1,"s:13:40:13:Infinity":2,"s:14:46:14:Infinity":3,"s:16:22:21:Infinity":4,"s:23:18:27:Infinity":5,"s:29:4:194:Infinity":6,"f:45:27:45:28":1,"s:46:20:54:Infinity":7,"f:82:43:82:44":2,"s:83:32:127:Infinity":8,"f:83:59:83:65":3,"s:83:67:83:90":9,"s:83:90:83:116":10,"b:100:70:100:90:100:90:100:Infinity":0,"b:100:118:100:138:100:138:100:Infinity":1,"b:116:71:116:122:116:122:116:Infinity":2,"b:118:123:118:140:118:140:118:152":3,"b:136:17:136:36:136:36:136:Infinity:137:20:191:Infinity":4,"f:138:117:138:123":4,"s:138:123:138:150":11,"f:146:49:146:55":5,"s:146:55:146:82":12,"f:188:49:188:55":6,"s:188:55:188:82":13}}}
,"/Users/macbookair15/Desktop/Gastromap_antigravity_V2/v2_skeleton/src/features/auth/hooks/useAuthStore.js": {"path":"/Users/macbookair15/Desktop/Gastromap_antigravity_V2/v2_skeleton/src/features/auth/hooks/useAuthStore.js","statementMap":{"0":{"start":{"line":3,"column":27},"end":{"line":34,"column":null}},"1":{"start":{"line":3,"column":45},"end":{"line":34,"column":1}},"2":{"start":{"line":9,"column":8},"end":{"line":21,"column":null}},"3":{"start":{"line":10,"column":12},"end":{"line":13,"column":null}},"4":{"start":{"line":14,"column":12},"end":{"line":14,"column":null}},"5":{"start":{"line":15,"column":15},"end":{"line":21,"column":null}},"6":{"start":{"line":16,"column":12},"end":{"line":19,"column":null}},"7":{"start":{"line":20,"column":12},"end":{"line":20,"column":null}},"8":{"start":{"line":22,"column":8},"end":{"line":22,"column":null}},"9":{"start":{"line":26,"column":8},"end":{"line":26,"column":null}},"10":{"start":{"line":30,"column":8},"end":{"line":32,"column":null}},"11":{"start":{"line":30,"column":24},"end":{"line":32,"column":9}}},"fnMap":{"0":{"name":"(anonymous_0)","decl":{"start":{"line":3,"column":35},"end":{"line":3,"column":36}},"loc":{"start":{"line":3,"column":45},"end":{"line":34,"column":1}},"line":3},"1":{"name":"(anonymous_1)","decl":{"start":{"line":7,"column":11},"end":{"line":7,"column":12}},"loc":{"start":{"line":7,"column":32},"end":{"line":23,"column":5}},"line":7},"2":{"name":"(anonymous_2)","decl":{"start":{"line":25,"column":12},"end":{"line":25,"column":13}},"loc":{"start":{"line":25,"column":18},"end":{"line":27,"column":5}},"line":25},"3":{"name":"(anonymous_3)","decl":{"start":{"line":29,"column":19},"end":{"line":29,"column":20}},"loc":{"start":{"line":29,"column":32},"end":{"line":33,"column":null}},"line":29},"4":{"name":"(anonymous_4)","decl":{"start":{"line":30,"column":12},"end":{"line":30,"column":13}},"loc":{"start":{"line":30,"column":24},"end":{"line":32,"column":9}},"line":30}},"branchMap":{"0":{"loc":{"start":{"line":9,"column":8},"end":{"line":21,"column":null}},"type":"if","locations":[{"start":{"line":9,"column":8},"end":{"line":21,"column":null}},{"start":{"line":15,"column":15},"end":{"line":21,"column":null}}],"line":9},"1":{"loc":{"start":{"line":15,"column":15},"end":{"line":21,"column":null}},"type":"if","locations":[{"start":{"line":15,"column":15},"end":{"line":21,"column":null}},{"start":{},"end":{}}],"line":15}},"s":{"0":3,"1":3,"2":0,"3":0,"4":0,"5":0,"6":0,"7":0,"8":0,"9":2,"10":0,"11":0},"f":{"0":3,"1":0,"2":2,"3":0,"4":0},"b":{"0":[0,0],"1":[0,0]},"meta":{"lastBranch":2,"lastFunction":5,"lastStatement":12,"seen":{"s:3:27:34:Infinity":0,"f:3:35:3:36":0,"s:3:45:34:1":1,"f:7:11:7:12":1,"b:9:8:21:Infinity:15:15:21:Infinity":0,"s:9:8:21:Infinity":2,"s:10:12:13:Infinity":3,"s:14:12:14:Infinity":4,"b:15:15:21:Infinity:undefined:undefined:undefined:undefined":1,"s:15:15:21:Infinity":5,"s:16:12:19:Infinity":6,"s:20:12:20:Infinity":7,"s:22:8:22:Infinity":8,"f:25:12:25:13":2,"s:26:8:26:Infinity":9,"f:29:19:29:20":3,"s:30:8:32:Infinity":10,"f:30:12:30:13":4,"s:30:24:32:9":11}}}
,"/Users/macbookair15/Desktop/Gastromap_antigravity_V2/v2_skeleton/src/features/auth/pages/LoginPage.jsx": {"path":"/Users/macbookair15/Desktop/Gastromap_antigravity_V2/v2_skeleton/src/features/auth/pages/LoginPage.jsx","statementMap":{"0":{"start":{"line":7,"column":18},"end":{"line":205,"column":null}},"1":{"start":{"line":8,"column":10},"end":{"line":8,"column":null}},"2":{"start":{"line":9,"column":34},"end":{"line":9,"column":null}},"3":{"start":{"line":10,"column":40},"end":{"line":10,"column":null}},"4":{"start":{"line":13,"column":34},"end":{"line":19,"column":null}},"5":{"start":{"line":21,"column":25},"end":{"line":24,"column":null}},"6":{"start":{"line":26,"column":24},"end":{"line":40,"column":null}},"7":{"start":{"line":27,"column":8},"end":{"line":27,"column":null}},"8":{"start":{"line":28,"column":25},"end":{"line":28,"column":null}},"9":{"start":{"line":29,"column":22},"end":{"line":29,"column":null}},"10":{"start":{"line":30,"column":8},"end":{"line":30,"column":null}},"11":{"start":{"line":32,"column":8},"end":{"line":39,"column":null}},"12":{"start":{"line":33,"column":12},"end":{"line":33,"column":null}},"13":{"start":{"line":34,"column":12},"end":{"line":38,"column":null}},"14":{"start":{"line":35,"column":16},"end":{"line":35,"column":null}},"15":{"start":{"line":37,"column":16},"end":{"line":37,"column":null}},"16":{"start":{"line":42,"column":4},"end":{"line":203,"column":null}},"17":{"start":{"line":148,"column":51},"end":{"line":148,"column":null}}},"fnMap":{"0":{"name":"(anonymous_0)","decl":{"start":{"line":7,"column":18},"end":{"line":7,"column":24}},"loc":{"start":{"line":7,"column":24},"end":{"line":205,"column":null}},"line":7},"1":{"name":"(anonymous_1)","decl":{"start":{"line":26,"column":24},"end":{"line":26,"column":25}},"loc":{"start":{"line":26,"column":31},"end":{"line":40,"column":null}},"line":26},"2":{"name":"(anonymous_2)","decl":{"start":{"line":32,"column":19},"end":{"line":32,"column":25}},"loc":{"start":{"line":32,"column":25},"end":{"line":39,"column":11}},"line":32},"3":{"name":"(anonymous_3)","decl":{"start":{"line":148,"column":45},"end":{"line":148,"column":51}},"loc":{"start":{"line":148,"column":51},"end":{"line":148,"column":null}},"line":148}},"branchMap":{"0":{"loc":{"start":{"line":34,"column":12},"end":{"line":38,"column":null}},"type":"if","locations":[{"start":{"line":34,"column":12},"end":{"line":38,"column":null}},{"start":{"line":36,"column":19},"end":{"line":38,"column":null}}],"line":34},"1":{"loc":{"start":{"line":141,"column":42},"end":{"line":141,"column":null}},"type":"cond-expr","locations":[{"start":{"line":141,"column":57},"end":{"line":141,"column":66}},{"start":{"line":141,"column":66},"end":{"line":141,"column":null}}],"line":141},"2":{"loc":{"start":{"line":151,"column":37},"end":{"line":151,"column":null}},"type":"cond-expr","locations":[{"start":{"line":151,"column":52},"end":{"line":151,"column":75}},{"start":{"line":151,"column":75},"end":{"line":151,"column":null}}],"line":151},"3":{"loc":{"start":{"line":172,"column":29},"end":{"line":175,"column":null}},"type":"cond-expr","locations":[{"start":{"line":173,"column":32},"end":{"line":173,"column":null}},{"start":{"line":175,"column":32},"end":{"line":175,"column":null}}],"line":172}},"s":{"0":3,"1":4,"2":4,"3":4,"4":4,"5":4,"6":4,"7":2,"8":2,"9":2,"10":2,"11":2,"12":2,"13":2,"14":1,"15":1,"16":4,"17":0},"f":{"0":4,"1":2,"2":2,"3":0},"b":{"0":[1,1],"1":[0,4],"2":[0,4],"3":[2,2]},"meta":{"lastBranch":4,"lastFunction":4,"lastStatement":18,"seen":{"s:7:18:205:Infinity":0,"f:7:18:7:24":0,"s:8:10:8:Infinity":1,"s:9:34:9:Infinity":2,"s:10:40:10:Infinity":3,"s:13:34:19:Infinity":4,"s:21:25:24:Infinity":5,"s:26:24:40:Infinity":6,"f:26:24:26:25":1,"s:27:8:27:Infinity":7,"s:28:25:28:Infinity":8,"s:29:22:29:Infinity":9,"s:30:8:30:Infinity":10,"s:32:8:39:Infinity":11,"f:32:19:32:25":2,"s:33:12:33:Infinity":12,"b:34:12:38:Infinity:36:19:38:Infinity":0,"s:34:12:38:Infinity":13,"s:35:16:35:Infinity":14,"s:37:16:37:Infinity":15,"s:42:4:203:Infinity":16,"b:141:57:141:66:141:66:141:Infinity":1,"f:148:45:148:51":3,"s:148:51:148:Infinity":17,"b:151:52:151:75:151:75:151:Infinity":2,"b:173:32:173:Infinity:175:32:175:Infinity":3}}}
,"/Users/macbookair15/Desktop/Gastromap_antigravity_V2/v2_skeleton/src/features/dashboard/components/FilterModal.jsx": {"path":"/Users/macbookair15/Desktop/Gastromap_antigravity_V2/v2_skeleton/src/features/dashboard/components/FilterModal.jsx","statementMap":{"0":{"start":{"line":6,"column":20},"end":{"line":168,"column":null}},"1":{"start":{"line":7,"column":19},"end":{"line":7,"column":null}},"2":{"start":{"line":10,"column":26},"end":{"line":33,"column":null}},"3":{"start":{"line":35,"column":4},"end":{"line":35,"column":null}},"4":{"start":{"line":35,"column":41},"end":{"line":35,"column":null}},"5":{"start":{"line":37,"column":4},"end":{"line":167,"column":null}},"6":{"start":{"line":130,"column":40},"end":{"line":132,"column":null}}},"fnMap":{"0":{"name":"(anonymous_0)","decl":{"start":{"line":6,"column":20},"end":{"line":6,"column":21}},"loc":{"start":{"line":6,"column":52},"end":{"line":168,"column":null}},"line":6},"1":{"name":"(anonymous_1)","decl":{"start":{"line":129,"column":42},"end":{"line":129,"column":null}},"loc":{"start":{"line":130,"column":40},"end":{"line":132,"column":null}},"line":130}},"branchMap":{"0":{"loc":{"start":{"line":35,"column":4},"end":{"line":35,"column":null}},"type":"if","locations":[{"start":{"line":35,"column":4},"end":{"line":35,"column":null}},{"start":{},"end":{}}],"line":35},"1":{"loc":{"start":{"line":39,"column":13},"end":{"line":163,"column":null}},"type":"binary-expr","locations":[{"start":{"line":39,"column":13},"end":{"line":39,"column":null}},{"start":{"line":40,"column":16},"end":{"line":163,"column":null}}],"line":39},"2":{"loc":{"start":{"line":57,"column":30},"end":{"line":59,"column":74}},"type":"cond-expr","locations":[{"start":{"line":58,"column":34},"end":{"line":58,"column":null}},{"start":{"line":59,"column":34},"end":{"line":59,"column":74}}],"line":57},"3":{"loc":{"start":{"line":65,"column":90},"end":{"line":65,"column":135}},"type":"cond-expr","locations":[{"start":{"line":65,"column":99},"end":{"line":65,"column":118}},{"start":{"line":65,"column":118},"end":{"line":65,"column":135}}],"line":65},"4":{"loc":{"start":{"line":67,"column":103},"end":{"line":67,"column":205}},"type":"cond-expr","locations":[{"start":{"line":67,"column":112},"end":{"line":67,"column":158}},{"start":{"line":67,"column":158},"end":{"line":67,"column":205}}],"line":67},"5":{"loc":{"start":{"line":78,"column":109},"end":{"line":78,"column":151}},"type":"cond-expr","locations":[{"start":{"line":78,"column":118},"end":{"line":78,"column":136}},{"start":{"line":78,"column":136},"end":{"line":
[...]
oc":{"start":{"line":366,"column":42},"end":{"line":366,"column":152}},"type":"cond-expr","locations":[{"start":{"line":366,"column":51},"end":{"line":366,"column":97}},{"start":{"line":366,"column":97},"end":{"line":366,"column":152}}],"line":366},"26":{"loc":{"start":{"line":375,"column":45},"end":{"line":376,"column":null}},"type":"binary-expr","locations":[{"start":{"line":375,"column":45},"end":{"line":375,"column":null}},{"start":{"line":376,"column":48},"end":{"line":376,"column":null}}],"line":375},"27":{"loc":{"start":{"line":387,"column":107},"end":{"line":387,"column":151}},"type":"cond-expr","locations":[{"start":{"line":387,"column":116},"end":{"line":387,"column":135}},{"start":{"line":387,"column":135},"end":{"line":387,"column":151}}],"line":387},"28":{"loc":{"start":{"line":396,"column":139},"end":{"line":396,"column":239}},"type":"cond-expr","locations":[{"start":{"line":396,"column":148},"end":{"line":396,"column":195}},{"start":{"line":396,"column":195},"end":{"line":396,"column":239}}],"line":396},"29":{"loc":{"start":{"line":399,"column":139},"end":{"line":399,"column":239}},"type":"cond-expr","locations":[{"start":{"line":399,"column":148},"end":{"line":399,"column":195}},{"start":{"line":399,"column":195},"end":{"line":399,"column":239}}],"line":399}},"s":{"0":3,"1":3,"2":1,"3":1,"4":1,"5":1,"6":1,"7":1,"8":1,"9":1,"10":1,"11":1,"12":1,"13":1,"14":1,"15":1,"16":1,"17":0,"18":0,"19":0,"20":0,"21":0,"22":0,"23":0,"24":0,"25":0,"26":0,"27":0,"28":4,"29":3,"30":0,"31":4,"32":1,"33":2,"34":0,"35":0,"36":4,"37":0},"f":{"0":1,"1":0,"2":0,"3":0,"4":0,"5":0,"6":0,"7":0,"8":4,"9":3,"10":0,"11":4,"12":1,"13":2,"14":0,"15":0,"16":4,"17":0},"b":{"0":[0,1],"1":[0,1],"2":[0,1],"3":[0,1],"4":[0,1],"5":[0,1],"6":[0,0],"7":[0,0],"8":[0,1],"9":[0,0],"10":[1,0],"11":[1,0],"12":[1,0],"13":[1,0],"14":[0,1],"15":[0,3],"16":[0,3],"17":[0,3],"18":[0,4],"19":[4,2],"20":[0,1],"21":[1,1],"22":[2,1],"23":[0,1],"24":[0,1],"25":[0,4],"26":[4,2],"27":[0,4],"28":[0,4],"29":[0,4]},"meta":{"lastBranch":30,"lastFunction":18,"lastStatement":38,"seen":{"s:15:28:68:Infinity":0,"s:70:22:413:Infinity":1,"f:70:22:70:28":0,"s:71:26:71:Infinity":2,"s:72:10:72:Infinity":3,"s:73:18:73:Infinity":4,"s:74:19:74:Infinity":5,"s:76:34:76:Infinity":6,"s:77:40:77:Infinity":7,"s:78:40:78:Infinity":8,"s:79:38:79:Infinity":9,"s:82:34:82:Infinity":10,"s:83:10:83:Infinity":11,"s:85:22:85:Infinity":12,"b:85:31:85:46:85:46:85:Infinity":0,"s:86:25:86:Infinity":13,"b:86:34:86:52:86:52:86:Infinity":1,"s:88:23:93:Infinity":14,"s:95:25:98:Infinity":15,"s:100:4:411:Infinity":16,"f:102:56:102:62":1,"s:102:62:102:86":17,"b:113:147:113:183:113:183:113:241":2,"f:119:42:119:43":2,"s:119:49:119:Infinity":18,"b:120:138:120:153:120:153:120:168":3,"f:124:37:124:43":3,"s:124:43:124:Infinity":19,"b:125:161:125:213:125:213:125:266":4,"b:136:53:136:61:136:61:136:68":5,"f:143:27:143:28":4,"b:144:20:144:Infinity:undefined:undefined:undefined:undefined":6,"s:144:20:144:Infinity":20,"s:144:45:144:Infinity":21,"b:145:20:145:Infinity:undefined:undefined:undefined:undefined":7,"s:145:20:145:Infinity":22,"s:145:44:145:Infinity":23,"b:148:161:148:197:148:197:148:226":8,"f:151:39:151:40":5,"s:151:46:151:Infinity":24,"f:158:37:158:38":6,"s:159:32:159:Infinity":25,"s:160:32:160:Infinity":26,"b:160:68:160:77:160:77:160:83":9,"b:164:138:164:153:164:153:164:155":10,"b:165:148:165:161:165:161:165:173":11,"b:174:60:174:64:174:64:174:Infinity":12,"b:175:59:175:73:175:73:175:Infinity":13,"f:189:41:189:47":7,"s:189:47:189:Infinity":27,"b:190:146:190:198:190:198:190:270":14,"f:195:47:195:52":8,"s:195:52:195:68":28,"f:195:74:195:75":9,"s:196:32:206:Infinity":29,"f:198:45:198:51":10,"s:198:51:198:Infinity":30,"b:200:42:200:Infinity:201:42:201:Infinity":15,"b:201:51:201:114:201:114:201:Infinity":16,"b:204:95:204:110:204:110:204:127":17,"f:216:53:216:54":11,"s:217:32:266:Infinity":31,"f:220:45:220:51":12,"s:220:51:220:Infinity":32,"b:221:162:221:197:221:197:221:223":18,"b:229:45:229:Infinity:230:48:230:Infinity":19,"b:296:161:296:242:296:242:296:284":20,"f:308:53:308:54":13,"s:309:32:318:Infinity":33,"f:311:45:311:51":14,"s:311:51:311:Infinity":34,"b:312:167:312:185:312:185:312:215":21,"b:314:37:314:Infinity:315:40:315:Infinity":22,"b:323:167:323:198:323:198:323:226":23,"f:339:41:339:47":15,"s:339:47:339:Infinity":35,"b:340:144:340:204:340:204:340:276":24,"f:359:53:359:54":16,"s:360:32:405:Infinity":36,"f:363:45:363:51":17,"s:363:51:363:Infinity":37,"b:366:51:366:97:366:97:366:152":25,"b:375:45:375:Infinity:376:48:376:Infinity":26,"b:387:116:387:135:387:135:387:151":27,"b:396:148:396:195:396:195:396:239":28,"b:399:148:399:195:399:195:399:239":29}}}
,"/Users/macbookair15/Desktop/Gastromap_antigravity_V2/v2_skeleton/src/features/public/pages/PricingPage.jsx": {"path":"/Users/macbookair15/Desktop/Gastromap_antigravity_V2/v2_skeleton/src/features/public/pages/PricingPage.jsx","statementMap":{"0":{"start":{"line":7,"column":20},"end":{"line":64,"column":null}},"1":{"start":{"line":8,"column":4},"end":{"line":62,"column":null}}},"fnMap":{"0":{"name":"(anonymous_0)","decl":{"start":{"line":7,"column":20},"end":{"line":7,"column":26}},"loc":{"start":{"line":7,"column":26},"end":{"line":64,"column":null}},"line":7}},"branchMap":{},"s":{"0":3,"1":0},"f":{"0":0},"b":{},"meta":{"lastBranch":0,"lastFunction":1,"lastStatement":2,"seen":{"s:7:20:64:Infinity":0,"f:7:20:7:26":0,"s:8:4:62:Infinity":1}}}
,"/Users/macbookair15/Desktop/Gastromap_antigravity_V2/v2_skeleton/src/features/public/pages/PublicPage.jsx": {"path":"/Users/macbookair15/Desktop/Gastromap_antigravity_V2/v2_skeleton/src/features/public/pages/PublicPage.jsx","statementMap":{"0":{"start":{"line":5,"column":19},"end":{"line":25,"column":null}},"1":{"start":{"line":6,"column":4},"end":{"line":23,"column":null}}},"fnMap":{"0":{"name":"(anonymous_0)","decl":{"start":{"line":5,"column":19},"end":{"line":5,"column":20}},"loc":{"start":{"line":5,"column":53},"end":{"line":25,"column":null}},"line":5}},"branchMap":{"0":{"loc":{"start":{"line":16,"column":21},"end":{"line":19,"column":null}},"type":"binary-expr","locations":[{"start":{"line":16,"column":21},"end":{"line":16,"column":null}},{"start":{"line":17,"column":24},"end":{"line":19,"column":null}}],"line":16}},"s":{"0":3,"1":0},"f":{"0":0},"b":{"0":[0,0]},"meta":{"lastBranch":1,"lastFunction":1,"lastStatement":2,"seen":{"s:5:19:25:Infinity":0,"f:5:19:5:20":0,"s:6:4:23:Infinity":1,"b:16:21:16:Infinity:17:24:19:Infinity":0}}}
,"/Users/macbookair15/Desktop/Gastromap_antigravity_V2/v2_skeleton/src/hooks/useTheme.js": {"path":"/Users/macbookair15/Desktop/Gastromap_antigravity_V2/v2_skeleton/src/hooks/useTheme.js","statementMap":{"0":{"start":{"line":4,"column":24},"end":{"line":55,"column":1}},"1":{"start":{"line":7,"column":29},"end":{"line":11,"column":5}},"2":{"start":{"line":13,"column":3},"end":{"line":47,"column":null}},"3":{"start":{"line":14,"column":34},"end":{"line":25,"column":9}},"4":{"start":{"line":23,"column":33},"end":{"line":23,"column":84}},"5":{"start":{"line":24,"column":12},"end":{"line":24,"column":null}},"6":{"start":{"line":28,"column":8},"end":{"line":28,"column":null}},"7":{"start":{"line":31,"column":27},"end":{"line":31,"column":76}},"8":{"start":{"line":32,"column":35},"end":{"line":40,"column":9}},"9":{"start":{"line":37,"column":12},"end":{"line":39,"column":null}},"10":{"start":{"line":38,"column":16},"end":{"line":38,"column":null}},"11":{"start":{"line":41,"column":8},"end":{"line":41,"column":null}},"12":{"start":{"line":43,"column":8},"end":{"line":46,"column":null}},"13":{"start":{"line":44,"column":12},"end":{"line":44,"column":null}},"14":{"start":{"line":45,"column":12},"end":{"line":45,"column":null}},"15":{"start":{"line":49,"column":24},"end":{"line":52,"column":5}},"16":{"start":{"line":50,"column":25},"end":{"line":50,"column":61}},"17":{"start":{"line":51,"column":8},"end":{"line":51,"column":null}},"18":{"start":{"line":54,"column":4},"end":{"line":54,"column":null}}},"fnMap":{"0":{"name":"(anonymous_0)","decl":{"start":{"line":4,"column":24},"end":{"line":4,"column":25}},"loc":{"start":{"line":4,"column":30},"end":{"line":55,"column":1}},"line":4},"1":{"name":"(anonymous_1)","decl":{"start":{"line":13,"column":14},"end":{"line":13,"column":15}},"loc":{"start":{"line":13,"column":20},"end":{"line":47,"column":5}},"line":13},"2":{"name":"(anonymous_2)","decl":{"start":{"line":14,"column":34},"end":{"line":14,"column":35}},"loc":{"start":{"line":14,"column":41},"end":{"line":25,"column":9}},"line":14},"3":{"name":"(anonymous_3)","decl":{"start":{"line":32,"column":35},"end":{"line":32,"column":36}},"loc":{"start":{"line":32,"column":41},"end":{"line":40,"column":9}},"line":32},"4":{"name":"(anonymous_4)","decl":{"start":{"line":37,"column":23},"end":{"line":37,"column":24}},"loc":{"start":{"line":37,"column":29},"end":{"line":39,"column":13}},"line":37},"5":{"name":"(anonymous_5)","decl":{"start":{"line":43,"column":15},"end":{"line":43,"column":16}},"loc":{"start":{"line":43,"column":21},"end":{"line":46,"column":9}},"line":43},"6":{"name":"(anonymous_6)","decl":{"start":{"line":49,"column":24},"end":{"line":49,"column":25}},"loc":{"start":{"line":49,"column":30},"end":{"line":52,"column":5}},"line":49}},"branchMap":{"0":{"loc":{"start":{"line":8,"column":8},"end":{"line":10,"column":null}},"type":"cond-expr","locations":[{"start":{"line":9,"column":15},"end":{"line":9,"column":77}},{"start":{"line":10,"column":14},"end":{"line":10,"column":null}}],"line":8},"1":{"loc":{"start":{"line":9,"column":15},"end":{"line":9,"column":77}},"type":"binary-expr","locations":[{"start":{"line":9,"column":15},"end":{"line":9,"column":66}},{"start":{"line":9,"column":70},"end":{"line":9,"column":77}}],"line":9},"2":{"loc":{"start":{"line":50,"column":25},"end":{"line":50,"column":61}},"type":"cond-expr","locations":[{"start":{"line":50,"column":45},"end":{"line":50,"column":51}},{"start":{"line":50,"column":54},"end":{"line":50,"column":61}}],"line":50}},"s":{"0":3,"1":23,"2":23,"3":19,"4":0,"5":0,"6":19,"7":19,"8":19,"9":0,"10":0,"11":19,"12":19,"13":19,"14":19,"15":23,"16":0,"17":0,"18":23},"f":{"0":23,"1":19,"2":0,"3":0,"4":0,"5":19,"6":0},"b":{"0":[23,0],"1":[23,0],"2":[0,0]},"meta":{"lastBranch":3,"lastFunction":7,"lastStatement":19,"seen":{"s:4:24:55:1":0,"f:4:24:4:25":0,"s:7:29:11:5":1,"b:9:15:9:77:10:14:10:Infinity":0,"b:9:15:9:66:9:70:9:77":1,"s:13:3:47:Infinity":2,"f:13:14:13:15":1,"s:14:34:25:9":3,"f:14:34:14:35":2,"s:23:33:23:84":4,"s:24:12:24:Infinity":5,"s:28:8:28:Infinity":6,"s:31:27:31:76":7,"s:32:35:40:9":8,"f:32:35:32:36":3,"s:37:12:39:Infinity":9,"f:37:23:37:24":4,"s:38:16:38:Infinity":10,"s:41:8:41:Infinity":11,"s:43:8:46:Infinity":12,"f:43:15:43:16":5,"s:44:12:44:Infinity":13,"s:45:12:45:Infinity":14,"s:49:24:52:5":15,"f:49:24:49:25":6,"s:50:25:50:61":16,"b:50:45:50:51:50:54:50:61":2,"s:51:8:51:Infinity":17,"s:54:4:54:Infinity":18}}}
,"/Users/macbookair15/Desktop/Gastromap_antigravity_V2/v2_skeleton/src/lib/utils.js": {"path":"/Users/macbookair15/Desktop/Gastromap_antigravity_V2/v2_skeleton/src/lib/utils.js","statementMap":{"0":{"start":{"line":5,"column":4},"end":{"line":5,"column":null}}},"fnMap":{"0":{"name":"cn","decl":{"start":{"line":4,"column":16},"end":{"line":4,"column":18}},"loc":{"start":{"line":4,"column":30},"end":{"line":6,"column":null}},"line":4}},"branchMap":{},"s":{"0":569},"f":{"0":569},"b":{},"meta":{"lastBranch":0,"lastFunction":1,"lastStatement":1,"seen":{"f:4:16:4:18":0,"s:5:4:5:Infinity":0}}}
,"/Users/macbookair15/Desktop/Gastromap_antigravity_V2/v2_skeleton/src/mocks/locations.js": {"path":"/Users/macbookair15/Desktop/Gastromap_antigravity_V2/v2_skeleton/src/mocks/locations.js","statementMap":{"0":{"start":{"line":1,"column":30},"end":{"line":50,"column":1}},"1":{"start":{"line":52,"column":31},"end":{"line":52,"column":95}}},"fnMap":{},"branchMap":{},"s":{"0":3,"1":3},"f":{},"b":{},"meta":{"lastBranch":0,"lastFunction":0,"lastStatement":2,"seen":{"s:1:30:50:1":0,"s:52:31:52:95":1}}}
,"/Users/macbookair15/Desktop/Gastromap_antigravity_V2/v2_skeleton/src/utils/ThemeController.js": {"path":"/Users/macbookair15/Desktop/Gastromap_antigravity_V2/v2_skeleton/src/utils/ThemeController.js","statementMap":{"0":{"start":{"line":3,"column":8},"end":{"line":3,"column":null}},"1":{"start":{"line":11,"column":8},"end":{"line":11,"column":null}},"2":{"start":{"line":11,"column":43},"end":{"line":11,"column":null}},"3":{"start":{"line":12,"column":22},"end":{"line":12,"column":60}},"4":{"start":{"line":13,"column":8},"end":{"line":13,"column":null}},"5":{"start":{"line":13,"column":39},"end":{"line":13,"column":null}},"6":{"start":{"line":14,"column":8},"end":{"line":14,"column":22}},"7":{"start":{"line":18,"column":8},"end":{"line":18,"column":null}},"8":{"start":{"line":18,"column":43},"end":{"line":18,"column":null}},"9":{"start":{"line":19,"column":8},"end":{"line":19,"column":null}},"10":{"start":{"line":23,"column":8},"end":{"line":23,"column":null}},"11":{"start":{"line":23,"column":43},"end":{"line":23,"column":null}},"12":{"start":{"line":25,"column":26},"end":{"line":25,"column":31}},"13":{"start":{"line":27,"column":8},"end":{"line":29,"column":null}},"14":{"start":{"line":28,"column":12},"end":{"line":28,"column":null}},"15":{"start":{"line":32,"column":8},"end":{"line":32,"column":null}},"16":{"start":{"line":35,"column":8},"end":{"line":39,"column":null}},"17":{"start":{"line":36,"column":12},"end":{"line":36,"column":null}},"18":{"start":{"line":38,"column":12},"end":{"line":38,"column":null}},"19":{"start":{"line":43,"column":8},"end":{"line":45,"column":null}},"20":{"start":{"line":44,"column":12},"end":{"line":44,"column":null}},"21":{"start":{"line":49,"column":8},"end":{"line":49,"column":null}},"22":{"start":{"line":50,"column":8},"end":{"line":50,"column":null}},"23":{"start":{"line":51,"column":8},"end":{"line":51,"column":null}},"24":{"start":{"line":56,"column":22},"end":{"line":56,"column":42}},"25":{"start":{"line":57,"column":8},"end":{"line":57,"column":null}},"26":{"start":{"line":60,"column":8},"end":{"line":64,"column":null}},"27":{"start":{"line":61,"column":12},"end":{"line":63,"column":null}},"28":{"start":{"line":62,"column":16},"end":{"line":62,"column":null}},"29":{"start":{"line":68,"column":31},"end":{"line":68,"column":52}},"30":{"start":{"line":70,"column":0},"end":{"line":72,"column":null}},"31":{"start":{"line":71,"column":4},"end":{"line":71,"column":null}}},"fnMap":{"0":{"name":"(anonymous_0)","decl":{"start":{"line":2,"column":4},"end":{"line":2,"column":15}},"loc":{"start":{"line":2,"column":18},"end":{"line":8,"column":null}},"line":2},"1":{"name":"(anonymous_1)","decl":{"start":{"line":10,"column":4},"end":{"line":10,"column":17}},"loc":{"start":{"line":10,"column":20},"end":{"line":15,"column":null}},"line":10},"2":{"name":"(anonymous_2)","decl":{"start":{"line":17,"column":4},"end":{"line":17,"column":18}},"loc":{"start":{"line":17,"column":21},"end":{"line":20,"column":null}},"line":17},"3":{"name":"(anonymous_3)","decl":{"start":{"line":22,"column":4},"end":{"line":22,"column":14}},"loc":{"start":{"line":22,"column":22},"end":{"line":46,"column":null}},"line":22},"4":{"name":"(anonymous_4)","decl":{"start":{"line":48,"column":4},"end":{"line":48,"column":12}},"loc":{"start":{"line":48,"column":20},"end":{"line":52,"column":null}},"line":48},"5":{"name":"(anonymous_5)","decl":{"start":{"line":54,"column":4},"end":{"line":54,"column":8}},"loc":{"start":{"line":54,"column":11},"end":{"line":65,"column":null}},"line":54},"6":{"name":"(anonymous_6)","decl":{"start":{"line":60,"column":85},"end":{"line":60,"column":86}},"loc":{"start":{"line":60,"column":92},"end":{"line":64,"column":9}},"line":60}},"branchMap":{"0":{"loc":{"start":{"line":11,"column":8},"end":{"line":11,"column":null}},"type":"if","locations":[{"start":{"line":11,"column":8},"end":{"line":11,"column":null}},{"start":{},"end":{}}],"line":11},"1":{"loc":{"start":{"line":13,"column":8},"end":{"line":13,"column":null}},"type":"if","locations":[{"start":{"line":13,"column":8},"end":{"line":13,"column":null}},{"start":{},"end":{}}],"line":13},"2":{"loc":{"start":{"line":13,"column":12},"end":{"line":13,"column":37}},"type":"binary-expr","locations":[{"start":{"line":13,"column":12},"end":{"line":13,"column":17}},{"start":{"line":13,"column":21},"end":{"line":13,"column":37}}],"line":13},"3":{"loc":{"start":{"line":18,"column":8},"end":{"line":18,"column":null}},"type":"if","locations":[{"start":{"line":18,"column":8},"end":{"line":18,"column":null}},{"start":{},"end":{}}],"line":18},"4":{"loc":{"start":{"line":19,"column":15},"end":{"line":19,"column":91}},"type":"cond-expr","locations":[{"start":{"line":19,"column":75},"end":{"line":19,"column":81}},{"start":{"line":19,"column":84},"end":{"line":19,"column":91}}],"line":19},"5":{"loc":{"start":{"line":23,"column":8},"end":{"line":23,"column":null}},"type":"if","locations":[{"start":{"line":23,"column":8},"end":{"line":23,"column":null}},{"start":{},"end":{}}],"line":23},"6":{"loc":{"start":{"line":27,"column":8},"end":{"line":29,"column":null}},"type":"if","locations":[{"start":{"line":27,"column":8},"end":{"line":29,"column":null}},{"start":{},"end":{}}],"line":27},"7":{"loc":{"start":{"line":35,"column":8},"end":{"line":39,"column":null}},"type":"if","locations":[{"start":{"line":35,"column":8},"end":{"line":39,"column":null}},{"start":{"line":37,"column":15},"end":{"line":39,"column":null}}],"line":35},"8":{"loc":{"start":{"line":43,"column":8},"end":{"line":45,"column":null}},"type":"if","locations":[{"start":{"line":43,"column":8},"end":{"line":45,"column":null}},{"start":{},"end":{}}],"line":43},"9":{"loc":{"start":{"line":61,"column":12},"end":{"line":63,"column":null}},"type":"if","locations":[{"start":{"line":61,"column":12},"end":{"line":63,"column":null}},{"start":{},"end":{}}],"line":61},"10":{"loc":{"start":{"line":70,"column":0},"end":{"line":72,"column":null}},"type":"if","locations":[{"start":{"line":70,"column":0},"end":{"line":72,"column":null}},{"start":{},"end":{}}],"line":70}},"s":{"0":3,"1":6,"2":0,"3":6,"4":6,"5":0,"6":6,"7":3,"8":0,"9":3,"10":3,"11":0,"12":3,"13":3,"14":3,"15":3,"16":3,"17":0,"18":3,"19":3,"20":0,"21":0,"22":0,"23":0,"24":3,"25":3,"26":3,"27":0,"28":0,"29":3,"30":3,"31":3},"f":{"0":3,"1":6,"2":3,"3":3,"4":0,"5":3,"6":0},"b":{"0":[0,6],"1":[0,6],"2":[6,0],"3":[0,3],"4":[0,3],"5":[0,3],"6":[3,0],"7":[0,3],"8":[0,3],"9":[0,0],"10":[3,0]},"meta":{"lastBranch":11,"lastFunction":7,"lastStatement":32,"seen":{"f:2:4:2:15":0,"s:3:8:3:Infinity":0,"f:10:4:10:17":1,"b:11:8:11:Infinity:undefined:undefined:undefined:undefined":0,"s:11:8:11:Infinity":1,"s:11:43:11:Infinity":2,"s:12:22:12:60":3,"b:13:8:13:Infinity:undefined:undefined:undefined:undefined":1,"s:13:8:13:Infinity":4,"b:13:12:13:17:13:21:13:37":2,"s:13:39:13:Infinity":5,"s:14:8:14:22":6,"f:17:4:17:18":2,"b:18:8:18:Infinity:undefined:undefined:undefined:undefined":3,"s:18:8:18:Infinity":7,"s:18:43:18:Infinity":8,"s:19:8:19:Infinity":9,"b:19:75:19:81:19:84:19:91":4,"f:22:4:22:14":3,"b:23:8:23:Infinity:undefined:undefined:undefined:undefined":5,"s:23:8:23:Infinity":10,"s:23:43:23:Infinity":11,"s:25:26:25:31":12,"b:27:8:29:Infinity:undefined:undefined:undefined:undefined":6,"s:27:8:29:Infinity":13,"s:28:12:28:Infinity":14,"s:32:8:32:Infinity":15,"b:35:8:39:Infinity:37:15:39:Infinity":7,"s:35:8:39:Infinity":16,"s:36:12:36:Infinity":17,"s:38:12:38:Infinity":18,"b:43:8:45:Infinity:undefined:undefined:undefined:undefined":8,"s:43:8:45:Infinity":19,"s:44:12:44:Infinity":20,"f:48:4:48:12":4,"s:49:8:49:Infinity":21,"s:50:8:50:Infinity":22,"s:51:8:51:Infinity":23,"f:54:4:54:8":5,"s:56:22:56:42":24,"s:57:8:57:Infinity":25,"s:60:8:64:Infinity":26,"f:60:85:60:86":6,"b:61:12:63:Infinity:undefined:undefined:undefined:undefined":9,"s:61:12:63:Infinity":27,"s:62:16:62:Infinity":28,"s:68:31:68:52":29,"b:70:0:72:Infinity:undefined:undefined:undefined:undefined":10,"s:70:0:72:Infinity":30,"s:71:4:71:Infinity":31}}}
}
